#
# A fatal error has been detected by the Java Runtime Environment:
#
#  EXCEPTION_ACCESS_VIOLATION (0xc0000005) at pc=0x0000000060e6bd50, pid=16864, tid=3892
#
# JRE version: Java(TM) SE Runtime Environment (9.0+11) (build 9.0.1+11)
# Java VM: Java HotSpot(TM) 64-Bit Server VM (9.0.1+11, mixed mode, tiered, compressed oops, g1 gc, windows-amd64)
# Problematic frame:
# V  [jvm.dll+0x32bd50]
#
# No core dump will be written. Minidumps are not enabled by default on client versions of Windows
#
# If you would like to submit a bug report, please visit:
#   http://bugreport.java.com/bugreport/crash.jsp
#

---------------  S U M M A R Y ------------

Command Line: -agentlib:jdwp=transport=dt_socket,address=127.0.0.1:3414,suspend=y,server=n -Dfile.encoding=UTF-8 parser.serializator.Run

Host: Intel(R) Celeron(R) CPU  N3050  @ 1.60GHz, 2 cores, 3G,  Windows 10 , 64 bit Build 17134 (10.0.17134.1)
Time: Fri Jan 04 22:08:30 2019 RTZ 2 (ceia) elapsed time: 919 seconds (0d 0h 15m 19s)

---------------  T H R E A D  ---------------

Current thread (0x000001f97fb9b000):  VMThread "VM Thread" [stack: 0x000000edc1900000,0x000000edc1a00000] [id=3892]

Stack: [0x000000edc1900000,0x000000edc1a00000],  sp=0x000000edc19fe650,  free space=1017k
Native frames: (J=compiled Java code, j=interpreted, Vv=VM code, C=native code)
V  [jvm.dll+0x32bd50]
V  [jvm.dll+0x327708]
V  [jvm.dll+0x34200f]
V  [jvm.dll+0x34522d]
V  [jvm.dll+0x2968e0]
V  [jvm.dll+0x2969d9]
V  [jvm.dll+0x2f8671]
V  [jvm.dll+0x2f4a4a]
V  [jvm.dll+0x2f3ce9]
V  [jvm.dll+0x2f3173]
V  [jvm.dll+0x57845f]
V  [jvm.dll+0x57876c]
V  [jvm.dll+0x578613]
V  [jvm.dll+0x578e0c]
V  [jvm.dll+0x546f8a]
V  [jvm.dll+0x465261]
V  [jvm.dll+0x6a34eb]
V  [jvm.dll+0x6a1c85]
V  [jvm.dll+0x6a2461]
V  [jvm.dll+0x6a274c]
V  [jvm.dll+0x5864e0]
C  [msvcr120.dll+0x24f7f]
C  [msvcr120.dll+0x25126]
C  [KERNEL32.DLL+0x13034]
C  [ntdll.dll+0x73691]


siginfo: EXCEPTION_ACCESS_VIOLATION (0xc0000005), reading address 0xffffffffffffffff


Register to memory mapping:

RIP=0x0000000060e6bd50 jvm.dll
RAX=0x4001210212001f02 is an unknown value
RBX=0x000001f97fb9b000 is an unknown value
RCX=0x00000001000016d0 is pointing into metadata
RDX=0x4001210212001f02 is an unknown value
RSP=0x000000edc19fe650 is an unknown value
RBP=0x0000000000000003 is an unknown value
RSI=0x000000edc19fe710 is an unknown value
RDI=0x0000000000000000 is an unknown value
R8 =0x000001f97fb9b000 is an unknown value
R9 =0x4001210212001f02 is an unknown value
R10=0x0000000000000070 is an unknown value
R11=0x0000000000000070 is an unknown value
R12=0x000000edc19fef00 is an unknown value
R13=0x00000000000003d8 is an unknown value
R14=0x0000000000000057 is an unknown value
R15=0x0000000000000001 is an unknown value


Registers:
RAX=0x4001210212001f02, RBX=0x000001f97fb9b000, RCX=0x00000001000016d0, RDX=0x4001210212001f02
RSP=0x000000edc19fe650, RBP=0x0000000000000003, RSI=0x000000edc19fe710, RDI=0x0000000000000000
R8 =0x000001f97fb9b000, R9 =0x4001210212001f02, R10=0x0000000000000070, R11=0x0000000000000070
R12=0x000000edc19fef00, R13=0x00000000000003d8, R14=0x0000000000000057, R15=0x0000000000000001
RIP=0x0000000060e6bd50, EFLAGS=0x0000000000010246

Top of Stack: (sp=0x000000edc19fe650)
0x000000edc19fe650:   00000001000016d0 000000006113fa38
0x000000edc19fe660:   00000000612dba20 000001f97fb9b000
0x000000edc19fe670:   0000000000000000 0000000060e67708
0x000000edc19fe680:   00000001000016d0 000001f97fb9b000
0x000000edc19fe690:   000000edc19fe710 000001f97fb9b000
0x000000edc19fe6a0:   000000edc19fe780 0000000060e8200f
0x000000edc19fe6b0:   000001f97fb9b000 000000006113fa38
0x000000edc19fe6c0:   000000edc19fe720 000001f97fa6c790
0x000000edc19fe6d0:   0000000000000000 000001f97fa68170
0x000000edc19fe6e0:   000000edc19fe780 0000000060e8522d
0x000000edc19fe6f0:   0000000000000000 000000edc19fe8e0
0x000000edc19fe700:   0000000000000057 0000000000000000
0x000000edc19fe710:   0000000000000000 0000000000000000
0x000000edc19fe720:   000001f97fb9b000 000000edc19fe8e0
0x000000edc19fe730:   0000000000000000 0000000060dd68e0
0x000000edc19fe740:   000000edc19fe8d0 0000000000000001 

Instructions: (pc=0x0000000060e6bd50)
0x0000000060e6bd30:   8b d8 e8 c9 89 d8 ff 48 83 7b 08 00 4c 8b c8 74
0x0000000060e6bd40:   04 33 ff eb 23 80 3d c9 ac 62 00 00 74 05 33 ff
0x0000000060e6bd50:   89 78 0c 48 8d 4d fe 48 8d 78 10 48 85 c9 74 05
0x0000000060e6bd60:   33 c0 f3 48 ab 49 8b f9 48 83 7b 08 00 48 8b 74 


VM_Operation (0x000000edc22ff790): GetOrSetLocal, mode: safepoint, requested by thread 0x000001f9118a4000


---------------  P R O C E S S  ---------------

Java Threads: ( => current thread )
  0x000001f9118cb000 JavaThread "Service Thread" daemon [_thread_blocked, id=7148, stack(0x000000edc2500000,0x000000edc2600000)]
  0x000001f9118bc000 JavaThread "JDWP Command Reader" daemon [_thread_in_native, id=14544, stack(0x000000edc2400000,0x000000edc2500000)]
  0x000001f9118b9000 JavaThread "JDWP Event Helper Thread" daemon [_thread_blocked, id=11208, stack(0x000000edc2300000,0x000000edc2400000)]
  0x000001f9118a4000 JavaThread "JDWP Transport Listener: dt_socket" daemon [_thread_blocked, id=17268, stack(0x000000edc2200000,0x000000edc2300000)]
  0x000001f97fc81800 JavaThread "Common-Cleaner" daemon [_thread_blocked, id=16596, stack(0x000000edc2100000,0x000000edc2200000)]
  0x000001f97fc6e000 JavaThread "Sweeper thread" daemon [_thread_blocked, id=3120, stack(0x000000edc2000000,0x000000edc2100000)]
  0x000001f97fc5e800 JavaThread "C1 CompilerThread1" daemon [_thread_blocked, id=7076, stack(0x000000edc1f00000,0x000000edc2000000)]
  0x000001f97fbfe000 JavaThread "C2 CompilerThread0" daemon [_thread_blocked, id=15368, stack(0x000000edc1e00000,0x000000edc1f00000)]
  0x000001f97fbfc800 JavaThread "Attach Listener" daemon [_thread_blocked, id=15108, stack(0x000000edc1d00000,0x000000edc1e00000)]
  0x000001f97fbac000 JavaThread "Signal Dispatcher" daemon [_thread_blocked, id=916, stack(0x000000edc1c00000,0x000000edc1d00000)]
  0x000001f97fbb2800 JavaThread "Finalizer" daemon [_thread_blocked, id=3756, stack(0x000000edc1b00000,0x000000edc1c00000)]
  0x000001f97fbb0000 JavaThread "Reference Handler" daemon [_thread_blocked, id=13840, stack(0x000000edc1a00000,0x000000edc1b00000)]
  0x000001f970e42800 JavaThread "main" [_thread_blocked, id=10824, stack(0x000000edc1100000,0x000000edc1200000)]

Other Threads:
=>0x000001f97fb9b000 VMThread "VM Thread" [stack: 0x000000edc1900000,0x000000edc1a00000] [id=3892]
  0x000001f9118d0800 WatcherThread [stack: 0x000000edc2600000,0x000000edc2700000] [id=11480]
  0x000001f970e5a800 GCTaskThread "GC Thread#0" [stack: 0x000000edc1200000,0x000000edc1300000] [id=6964]
  0x000001f970e5c000 GCTaskThread "GC Thread#1" [stack: 0x000000edc1300000,0x000000edc1400000] [id=1248]
  0x000001f970e97800 ConcurrentGCThread "G1 Main Marker" [stack: 0x000000edc1700000,0x000000edc1800000] [id=16752]
  0x000001f970e99800 ConcurrentGCThread "G1 Marker#0" [stack: 0x000000edc1800000,0x000000edc1900000] [id=3508]
  0x000001f970e60000 ConcurrentGCThread "G1 Refine#0" [stack: 0x000000edc1500000,0x000000edc1600000] [id=15784]
  0x000001f970e5d800 ConcurrentGCThread "G1 Refine#1" [stack: 0x000000edc1400000,0x000000edc1500000] [id=17244]
  0x000001f970e61800 ConcurrentGCThread "G1 Young RemSet Sampling" [stack: 0x000000edc1600000,0x000000edc1700000] [id=15228]

Threads with active compile tasks:

VM state:at safepoint (normal execution)

VM Mutex/Monitor currently owned by a thread:  ([mutex/lock_event])
[0x000001f970e40670] Threads_lock - owner thread: 0x000001f97fb9b000

Heap address: 0x00000000c2400000, size: 988 MB, Compressed Oops mode: 32-bit
Narrow klass base: 0x0000000000000000, Narrow klass shift: 3
Compressed class space size: 1073741824 Address: 0x0000000100000000

Heap:
 garbage-first heap   total 63488K, used 1024K [0x00000000c2400000, 0x00000000c25001f0, 0x0000000100000000)
  region size 1024K, 2 young (2048K), 0 survivors (0K)
 Metaspace       used 4347K, capacity 4630K, committed 4864K, reserved 1056768K
  class space    used 381K, capacity 390K, committed 512K, reserved 1048576K
Heap Regions: E=young(eden), S=young(survivor), O=old, HS=humongous(starts), HC=humongous(continues), CS=collection set, F=free, A=archive, TS=gc time stamp, AC=allocation context, TAMS=top-at-mark-start (previous, next)
|   0|0x00000000c2400000, 0x00000000c2400000, 0x00000000c2500000|  0%| F|  |TS  0|AC  0|TAMS 0x00000000c2400000, 0x00000000c2400000|
|   1|0x00000000c2500000, 0x00000000c2500000, 0x00000000c2600000|  0%| F|  |TS  0|AC  0|TAMS 0x00000000c2500000, 0x00000000c2500000|
|   2|0x00000000c2600000, 0x00000000c2600000, 0x00000000c2700000|  0%| F|  |TS  0|AC  0|TAMS 0x00000000c2600000, 0x00000000c2600000|
|   3|0x00000000c2700000, 0x00000000c2700000, 0x00000000c2800000|  0%| F|  |TS  0|AC  0|TAMS 0x00000000c2700000, 0x00000000c2700000|
|   4|0x00000000c2800000, 0x00000000c2800000, 0x00000000c2900000|  0%| F|  |TS  0|AC  0|TAMS 0x00000000c2800000, 0x00000000c2800000|
|   5|0x00000000c2900000, 0x00000000c2900000, 0x00000000c2a00000|  0%| F|  |TS  0|AC  0|TAMS 0x00000000c2900000, 0x00000000c2900000|
|   6|0x00000000c2a00000, 0x00000000c2a00000, 0x00000000c2b00000|  0%| F|  |TS  0|AC  0|TAMS 0x00000000c2a00000, 0x00000000c2a00000|
|   7|0x00000000c2b00000, 0x00000000c2b00000, 0x00000000c2c00000|  0%| F|  |TS  0|AC  0|TAMS 0x00000000c2b00000, 0x00000000c2b00000|
|   8|0x00000000c2c00000, 0x00000000c2c00000, 0x00000000c2d00000|  0%| F|  |TS  0|AC  0|TAMS 0x00000000c2c00000, 0x00000000c2c00000|
|   9|0x00000000c2d00000, 0x00000000c2d00000, 0x00000000c2e00000|  0%| F|  |TS  0|AC  0|TAMS 0x00000000c2d00000, 0x00000000c2d00000|
|  10|0x00000000c2e00000, 0x00000000c2e00000, 0x00000000c2f00000|  0%| F|  |TS  0|AC  0|TAMS 0x00000000c2e00000, 0x00000000c2e00000|
|  11|0x00000000c2f00000, 0x00000000c2f00000, 0x00000000c3000000|  0%| F|  |TS  0|AC  0|TAMS 0x00000000c2f00000, 0x00000000c2f00000|
|  12|0x00000000c3000000, 0x00000000c3000000, 0x00000000c3100000|  0%| F|  |TS  0|AC  0|TAMS 0x00000000c3000000, 0x00000000c3000000|
|  13|0x00000000c3100000, 0x00000000c3100000, 0x00000000c3200000|  0%| F|  |TS  0|AC  0|TAMS 0x00000000c3100000, 0x00000000c3100000|
|  14|0x00000000c3200000, 0x00000000c3200000, 0x00000000c3300000|  0%| F|  |TS  0|AC  0|TAMS 0x00000000c3200000, 0x00000000c3200000|
|  15|0x00000000c3300000, 0x00000000c3300000, 0x00000000c3400000|  0%| F|  |TS  0|AC  0|TAMS 0x00000000c3300000, 0x00000000c3300000|
|  16|0x00000000c3400000, 0x00000000c3400000, 0x00000000c3500000|  0%| F|  |TS  0|AC  0|TAMS 0x00000000c3400000, 0x00000000c3400000|
|  17|0x00000000c3500000, 0x00000000c3500000, 0x00000000c3600000|  0%| F|  |TS  0|AC  0|TAMS 0x00000000c3500000, 0x00000000c3500000|
|  18|0x00000000c3600000, 0x00000000c3600000, 0x00000000c3700000|  0%| F|  |TS  0|AC  0|TAMS 0x00000000c3600000, 0x00000000c3600000|
|  19|0x00000000c3700000, 0x00000000c3700000, 0x00000000c3800000|  0%| F|  |TS  0|AC  0|TAMS 0x00000000c3700000, 0x00000000c3700000|
|  20|0x00000000c3800000, 0x00000000c3800000, 0x00000000c3900000|  0%| F|  |TS  0|AC  0|TAMS 0x00000000c3800000, 0x00000000c3800000|
|  21|0x00000000c3900000, 0x00000000c3900000, 0x00000000c3a00000|  0%| F|  |TS  0|AC  0|TAMS 0x00000000c3900000, 0x00000000c3900000|
|  22|0x00000000c3a00000, 0x00000000c3a00000, 0x00000000c3b00000|  0%| F|  |TS  0|AC  0|TAMS 0x00000000c3a00000, 0x00000000c3a00000|
|  23|0x00000000c3b00000, 0x00000000c3b00000, 0x00000000c3c00000|  0%| F|  |TS  0|AC  0|TAMS 0x00000000c3b00000, 0x00000000c3b00000|
|  24|0x00000000c3c00000, 0x00000000c3c00000, 0x00000000c3d00000|  0%| F|  |TS  0|AC  0|TAMS 0x00000000c3c00000, 0x00000000c3c00000|
|  25|0x00000000c3d00000, 0x00000000c3d00000, 0x00000000c3e00000|  0%| F|  |TS  0|AC  0|TAMS 0x00000000c3d00000, 0x00000000c3d00000|
|  26|0x00000000c3e00000, 0x00000000c3e00000, 0x00000000c3f00000|  0%| F|  |TS  0|AC  0|TAMS 0x00000000c3e00000, 0x00000000c3e00000|
|  27|0x00000000c3f00000, 0x00000000c3f00000, 0x00000000c4000000|  0%| F|  |TS  0|AC  0|TAMS 0x00000000c3f00000, 0x00000000c3f00000|
|  28|0x00000000c4000000, 0x00000000c4000000, 0x00000000c4100000|  0%| F|  |TS  0|AC  0|TAMS 0x00000000c4000000, 0x00000000c4000000|
|  29|0x00000000c4100000, 0x00000000c4100000, 0x00000000c4200000|  0%| F|  |TS  0|AC  0|TAMS 0x00000000c4100000, 0x00000000c4100000|
|  30|0x00000000c4200000, 0x00000000c4200000, 0x00000000c4300000|  0%| F|  |TS  0|AC  0|TAMS 0x00000000c4200000, 0x00000000c4200000|
|  31|0x00000000c4300000, 0x00000000c4300000, 0x00000000c4400000|  0%| F|  |TS  0|AC  0|TAMS 0x00000000c4300000, 0x00000000c4300000|
|  32|0x00000000c4400000, 0x00000000c4400000, 0x00000000c4500000|  0%| F|  |TS  0|AC  0|TAMS 0x00000000c4400000, 0x00000000c4400000|
|  33|0x00000000c4500000, 0x00000000c4500000, 0x00000000c4600000|  0%| F|  |TS  0|AC  0|TAMS 0x00000000c4500000, 0x00000000c4500000|
|  34|0x00000000c4600000, 0x00000000c4600000, 0x00000000c4700000|  0%| F|  |TS  0|AC  0|TAMS 0x00000000c4600000, 0x00000000c4600000|
|  35|0x00000000c4700000, 0x00000000c4700000, 0x00000000c4800000|  0%| F|  |TS  0|AC  0|TAMS 0x00000000c4700000, 0x00000000c4700000|
|  36|0x00000000c4800000, 0x00000000c4800000, 0x00000000c4900000|  0%| F|  |TS  0|AC  0|TAMS 0x00000000c4800000, 0x00000000c4800000|
|  37|0x00000000c4900000, 0x00000000c4900000, 0x00000000c4a00000|  0%| F|  |TS  0|AC  0|TAMS 0x00000000c4900000, 0x00000000c4900000|
|  38|0x00000000c4a00000, 0x00000000c4a00000, 0x00000000c4b00000|  0%| F|  |TS  0|AC  0|TAMS 0x00000000c4a00000, 0x00000000c4a00000|
|  39|0x00000000c4b00000, 0x00000000c4b00000, 0x00000000c4c00000|  0%| F|  |TS  0|AC  0|TAMS 0x00000000c4b00000, 0x00000000c4b00000|
|  40|0x00000000c4c00000, 0x00000000c4c00000, 0x00000000c4d00000|  0%| F|  |TS  0|AC  0|TAMS 0x00000000c4c00000, 0x00000000c4c00000|
|  41|0x00000000c4d00000, 0x00000000c4d00000, 0x00000000c4e00000|  0%| F|  |TS  0|AC  0|TAMS 0x00000000c4d00000, 0x00000000c4d00000|
|  42|0x00000000c4e00000, 0x00000000c4e00000, 0x00000000c4f00000|  0%| F|  |TS  0|AC  0|TAMS 0x00000000c4e00000, 0x00000000c4e00000|
|  43|0x00000000c4f00000, 0x00000000c4f00000, 0x00000000c5000000|  0%| F|  |TS  0|AC  0|TAMS 0x00000000c4f00000, 0x00000000c4f00000|
|  44|0x00000000c5000000, 0x00000000c5000000, 0x00000000c5100000|  0%| F|  |TS  0|AC  0|TAMS 0x00000000c5000000, 0x00000000c5000000|
|  45|0x00000000c5100000, 0x00000000c5100000, 0x00000000c5200000|  0%| F|  |TS  0|AC  0|TAMS 0x00000000c5100000, 0x00000000c5100000|
|  46|0x00000000c5200000, 0x00000000c5200000, 0x00000000c5300000|  0%| F|  |TS  0|AC  0|TAMS 0x00000000c5200000, 0x00000000c5200000|
|  47|0x00000000c5300000, 0x00000000c5300000, 0x00000000c5400000|  0%| F|  |TS  0|AC  0|TAMS 0x00000000c5300000, 0x00000000c5300000|
|  48|0x00000000c5400000, 0x00000000c5400000, 0x00000000c5500000|  0%| F|  |TS  0|AC  0|TAMS 0x00000000c5400000, 0x00000000c5400000|
|  49|0x00000000c5500000, 0x00000000c5500000, 0x00000000c5600000|  0%| F|  |TS  0|AC  0|TAMS 0x00000000c5500000, 0x00000000c5500000|
|  50|0x00000000c5600000, 0x00000000c5600000, 0x00000000c5700000|  0%| F|  |TS  0|AC  0|TAMS 0x00000000c5600000, 0x00000000c5600000|
|  51|0x00000000c5700000, 0x00000000c5700000, 0x00000000c5800000|  0%| F|  |TS  0|AC  0|TAMS 0x00000000c5700000, 0x00000000c5700000|
|  52|0x00000000c5800000, 0x00000000c5800000, 0x00000000c5900000|  0%| F|  |TS  0|AC  0|TAMS 0x00000000c5800000, 0x00000000c5800000|
|  53|0x00000000c5900000, 0x00000000c5900000, 0x00000000c5a00000|  0%| F|  |TS  0|AC  0|TAMS 0x00000000c5900000, 0x00000000c5900000|
|  54|0x00000000c5a00000, 0x00000000c5a00000, 0x00000000c5b00000|  0%| F|  |TS  0|AC  0|TAMS 0x00000000c5a00000, 0x00000000c5a00000|
|  55|0x00000000c5b00000, 0x00000000c5b00000, 0x00000000c5c00000|  0%| F|  |TS  0|AC  0|TAMS 0x00000000c5b00000, 0x00000000c5b00000|
|  56|0x00000000c5c00000, 0x00000000c5c00000, 0x00000000c5d00000|  0%| F|  |TS  0|AC  0|TAMS 0x00000000c5c00000, 0x00000000c5c00000|
|  57|0x00000000c5d00000, 0x00000000c5d00000, 0x00000000c5e00000|  0%| F|  |TS  0|AC  0|TAMS 0x00000000c5d00000, 0x00000000c5d00000|
|  58|0x00000000c5e00000, 0x00000000c5e00000, 0x00000000c5f00000|  0%| F|  |TS  0|AC  0|TAMS 0x00000000c5e00000, 0x00000000c5e00000|
|  59|0x00000000c5f00000, 0x00000000c5f00000, 0x00000000c6000000|  0%| F|  |TS  0|AC  0|TAMS 0x00000000c5f00000, 0x00000000c5f00000|
|  60|0x00000000c6000000, 0x00000000c60b3c18, 0x00000000c6100000| 70%| E|  |TS  0|AC  0|TAMS 0x00000000c6000000, 0x00000000c6000000|
|  61|0x00000000c6100000, 0x00000000c6200000, 0x00000000c6200000|100%| E|CS|TS  0|AC  0|TAMS 0x00000000c6100000, 0x00000000c6100000|

Card table byte_map: [0x000001f97d560000,0x000001f97d750000] byte_map_base: 0x000001f97cf4e000

Marking Bits (Prev, Next): (CMBitMap*) 0x000001f970e96aa0, (CMBitMap*) 0x000001f970e96ad8
 Prev Bits: [0x000001f97d940000, 0x000001f97e8b0000)
 Next Bits: [0x000001f97e8b0000, 0x000001f97f820000)

Polling page: 0x000001f970da0000

CodeHeap 'non-profiled nmethods': size=120064Kb used=50Kb max_used=50Kb free=120013Kb
 bounds [0x000001f907ac0000, 0x000001f907d30000, 0x000001f90f000000]
CodeHeap 'profiled nmethods': size=120000Kb used=237Kb max_used=237Kb free=119762Kb
 bounds [0x000001f900590000, 0x000001f900800000, 0x000001f907ac0000]
CodeHeap 'non-nmethods': size=5696Kb used=1144Kb max_used=1152Kb free=4551Kb
 bounds [0x000001f900000000, 0x000001f900270000, 0x000001f900590000]
 total_blobs=497 nmethods=179 adapters=175
 compilation: enabled

Compilation events (10 events):
Event: 1.173 Thread 0x000001f97fc5e800  174       3       java.lang.Character::toUpperCase (9 bytes)
Event: 1.173 Thread 0x000001f97fc5e800 nmethod 174 0x000001f9005ca190 code [0x000001f9005ca360, 0x000001f9005ca5a0]
Event: 1.173 Thread 0x000001f97fc5e800  175       3       java.util.TreeMap::parentOf (13 bytes)
Event: 1.173 Thread 0x000001f97fc5e800 nmethod 175 0x000001f9005ca690 code [0x000001f9005ca840, 0x000001f9005ca9d8]
Event: 1.367 Thread 0x000001f97fc5e800  177       3       java.lang.System::getSecurityManager (4 bytes)
Event: 1.367 Thread 0x000001f97fc5e800 nmethod 177 0x000001f9005caa90 code [0x000001f9005cac40, 0x000001f9005cad78]
Event: 34.125 Thread 0x000001f97fc5e800  178       3       java.lang.AbstractStringBuilder::<init> (39 bytes)
Event: 34.126 Thread 0x000001f97fc5e800 nmethod 178 0x000001f9005cae10 code [0x000001f9005cafc0, 0x000001f9005cb298]
Event: 869.757 Thread 0x000001f97fc5e800  179       3       java.lang.StringBuilder::<init> (7 bytes)
Event: 869.757 Thread 0x000001f97fc5e800 nmethod 179 0x000001f9005cb390 code [0x000001f9005cb540, 0x000001f9005cb6f0]

GC Heap History (0 events):
No events

Deoptimization events (0 events):
No events

Classes redefined (9 events):
Event: 148.845 Thread 0x000001f97fb9b000 redefined class name=parser.serializator.Serializator, count=1
Event: 365.823 Thread 0x000001f97fb9b000 redefined class name=parser.serializator.Serializator, count=2
Event: 405.836 Thread 0x000001f97fb9b000 redefined class name=parser.serializator.Serializator, count=3
Event: 531.756 Thread 0x000001f97fb9b000 redefined class name=parser.serializator.Run, count=1
Event: 531.757 Thread 0x000001f97fb9b000 redefined class name=parser.serializator.Run$Person, count=1
Event: 644.411 Thread 0x000001f97fb9b000 redefined class name=parser.serializator.Run, count=2
Event: 644.411 Thread 0x000001f97fb9b000 redefined class name=parser.serializator.Run$Person, count=2
Event: 868.798 Thread 0x000001f97fb9b000 redefined class name=parser.serializator.Serializator, count=4
Event: 919.565 Thread 0x000001f97fb9b000 redefined class name=parser.serializator.Serializator, count=5

Internal exceptions (0 events):
No events

Events (10 events):
Event: 919.568 Executing VM operation: GetFrameCount done
Event: 919.568 Executing VM operation: GetFrameLocation
Event: 919.568 Executing VM operation: GetFrameLocation done
Event: 919.590 Executing VM operation: ChangeBreakpoints
Event: 919.590 Executing VM operation: ChangeBreakpoints done
Event: 919.597 Executing VM operation: ChangeBreakpoints
Event: 919.598 Executing VM operation: ChangeBreakpoints done
Event: 919.599 Executing VM operation: ChangeBreakpoints
Event: 919.599 Executing VM operation: ChangeBreakpoints done
Event: 919.644 Executing VM operation: GetOrSetLocal


Dynamic libraries:
0x00007ff7ccbe0000 - 0x00007ff7ccc1e000 	C:\Program Files\Java\jdk-9.0.1\bin\java.exe
0x00007ffb1c060000 - 0x00007ffb1c241000 	C:\WINDOWS\SYSTEM32\ntdll.dll
0x00007ffb1b690000 - 0x00007ffb1b742000 	C:\WINDOWS\System32\KERNEL32.DLL
0x00007ffb19100000 - 0x00007ffb19373000 	C:\WINDOWS\System32\KERNELBASE.dll
0x00007ffb1b400000 - 0x00007ffb1b4a1000 	C:\WINDOWS\System32\ADVAPI32.dll
0x00007ffb19960000 - 0x00007ffb199fe000 	C:\WINDOWS\System32\msvcrt.dll
0x00007ffb19b20000 - 0x00007ffb19b7b000 	C:\WINDOWS\System32\sechost.dll
0x00007ffb1b270000 - 0x00007ffb1b394000 	C:\WINDOWS\System32\RPCRT4.dll
0x00007ffb19520000 - 0x00007ffb196b0000 	C:\WINDOWS\System32\USER32.dll
0x00007ffb19480000 - 0x00007ffb194a0000 	C:\WINDOWS\System32\win32u.dll
0x00007ffb194f0000 - 0x00007ffb19518000 	C:\WINDOWS\System32\GDI32.dll
0x00007ffb18f60000 - 0x00007ffb190f2000 	C:\WINDOWS\System32\gdi32full.dll
0x00007ffb18ec0000 - 0x00007ffb18f5f000 	C:\WINDOWS\System32\msvcp_win.dll
0x00007ffb19380000 - 0x00007ffb1947a000 	C:\WINDOWS\System32\ucrtbase.dll
0x00007ffb16220000 - 0x00007ffb1622a000 	C:\WINDOWS\SYSTEM32\VERSION.dll
0x00007ffb08f70000 - 0x00007ffb091d9000 	C:\WINDOWS\WinSxS\amd64_microsoft.windows.common-controls_6595b64144ccf1df_6.0.17134.472_none_fb3f9af53068156d\COMCTL32.dll
0x00007ffb1b770000 - 0x00007ffb1ba92000 	C:\WINDOWS\System32\combase.dll
0x00007ffb186d0000 - 0x00007ffb1874a000 	C:\WINDOWS\System32\bcryptPrimitives.dll
0x00007ffb1bfe0000 - 0x00007ffb1c00d000 	C:\WINDOWS\System32\IMM32.DLL
0x00007ffaefce0000 - 0x00007ffaefdcf000 	C:\Program Files\Java\jdk-9.0.1\bin\msvcr120.dll
0x00007ffaefc30000 - 0x00007ffaefcd6000 	C:\Program Files\Java\jdk-9.0.1\bin\msvcp120.dll
0x0000000060b40000 - 0x0000000061564000 	C:\Program Files\Java\jdk-9.0.1\bin\server\jvm.dll
0x00007ffb1b760000 - 0x00007ffb1b768000 	C:\WINDOWS\System32\PSAPI.DLL
0x00007ffb16fa0000 - 0x00007ffb16fa9000 	C:\WINDOWS\SYSTEM32\WSOCK32.dll
0x00007ffb1b610000 - 0x00007ffb1b67c000 	C:\WINDOWS\System32\WS2_32.dll
0x00007ffb157d0000 - 0x00007ffb157f3000 	C:\WINDOWS\SYSTEM32\WINMM.dll
0x00007ffb157a0000 - 0x00007ffb157ca000 	C:\WINDOWS\SYSTEM32\WINMMBASE.dll
0x00007ffb194a0000 - 0x00007ffb194e9000 	C:\WINDOWS\System32\cfgmgr32.dll
0x00007ffb13ef0000 - 0x00007ffb13eff000 	C:\Program Files\Java\jdk-9.0.1\bin\verify.dll
0x00007ffb0dbe0000 - 0x00007ffb0dc07000 	C:\Program Files\Java\jdk-9.0.1\bin\java.dll
0x00007ffaed650000 - 0x00007ffaed686000 	C:\Program Files\Java\jdk-9.0.1\bin\jdwp.dll
0x00007ffb0f8d0000 - 0x00007ffb0f8e6000 	C:\Program Files\Java\jdk-9.0.1\bin\zip.dll
0x00007ffb0f5c0000 - 0x00007ffb0f5ca000 	C:\Program Files\Java\jdk-9.0.1\bin\jimage.dll
0x00007ffb19cb0000 - 0x00007ffb1b0f0000 	C:\WINDOWS\System32\SHELL32.dll
0x00007ffb19710000 - 0x00007ffb197b9000 	C:\WINDOWS\System32\shcore.dll
0x00007ffb18750000 - 0x00007ffb18e5d000 	C:\WINDOWS\System32\windows.storage.dll
0x00007ffb1b3a0000 - 0x00007ffb1b3f1000 	C:\WINDOWS\System32\shlwapi.dll
0x00007ffb183c0000 - 0x00007ffb183d1000 	C:\WINDOWS\System32\kernel.appcore.dll
0x00007ffb183a0000 - 0x00007ffb183bf000 	C:\WINDOWS\System32\profapi.dll
0x00007ffb183e0000 - 0x00007ffb1842c000 	C:\WINDOWS\System32\powrprof.dll
0x00007ffb18370000 - 0x00007ffb1837a000 	C:\WINDOWS\System32\FLTLIB.DLL
0x00007ffb0db90000 - 0x00007ffb0dbaa000 	C:\Program Files\Java\jdk-9.0.1\bin\net.dll
0x00007ffb0a360000 - 0x00007ffb0a43d000 	C:\WINDOWS\SYSTEM32\WINHTTP.dll
0x00007ffb17b90000 - 0x00007ffb17bf6000 	C:\WINDOWS\system32\mswsock.dll
0x00007ffaefc10000 - 0x00007ffaefc21000 	C:\Program Files\Java\jdk-9.0.1\bin\nio.dll
0x00007ffb0dbd0000 - 0x00007ffb0dbda000 	C:\Program Files\Java\jdk-9.0.1\bin\dt_socket.dll
0x00007ffb16db0000 - 0x00007ffb16f79000 	C:\WINDOWS\SYSTEM32\dbghelp.dll

VM Arguments:
jvm_args: -agentlib:jdwp=transport=dt_socket,address=127.0.0.1:3414,suspend=y,server=n -Dfile.encoding=UTF-8 
java_command: parser.serializator.Run
java_class_path (initial): C:\netcracker\jsonparser\target\classes;C:\Users\User\.m2\repository\junit\junit\4.12\junit-4.12.jar;C:\Users\User\.m2\repository\org\hamcrest\hamcrest-core\1.3\hamcrest-core-1.3.jar;C:\Users\User\.m2\repository\org\junit\jupiter\junit-jupiter-api\5.3.0-RC1\junit-jupiter-api-5.3.0-RC1.jar;C:\Users\User\.m2\repository\org\apiguardian\apiguardian-api\1.0.0\apiguardian-api-1.0.0.jar;C:\Users\User\.m2\repository\org\opentest4j\opentest4j\1.1.0\opentest4j-1.1.0.jar;C:\Users\User\.m2\repository\org\junit\platform\junit-platform-commons\1.3.0-RC1\junit-platform-commons-1.3.0-RC1.jar;C:\Program Files\JetBrains\IntelliJ IDEA Community Edition 2017.2.6\lib\idea_rt.jar
Launcher Type: SUN_STANDARD

Logging:
Log output configuration:
#0: stdout all=warning uptime,level,tags
#1: stderr all=off uptime,level,tags

Environment Variables:
JAVA_HOME=C:\Program Files\Java\jdk-9.0.1
JRE_HOME=C:\Program Files\Java\jre-9.0.1
PATH=C:\watcom-1.3\binnt;C:\watcom-1.3\binw;C:\oracle\product\12.2.0\dbhome_1\bin;C:\oraclebase12c\product\12.2.0\dbhome_1\bin;C:\ProgramData\Oracle\Java\javapath;C:\Program Files (x86)\Borland\Delphi7\Projects\Bpl;C:\Program Files (x86)\Borland\Delphi7\Bin;C:\Program Files (x86)\Borland\Delphi7\Projects\Bpl\;C:\Program Files (x86)\Intel\TXE Components\TCS\;C:\Program Files\Intel\TXE Components\TCS\;C:\WINDOWS\system32;C:\WINDOWS;C:\WINDOWS\System32\Wbem;C:\WINDOWS\System32\WindowsPowerShell\v1.0\;C:\Program Files\Intel\TXE Components\DAL\;C:\Program Files (x86)\Intel\TXE Components\DAL\;C:\Program Files\Intel\TXE Components\IPT\;C:\Program Files (x86)\Intel\TXE Components\IPT\;C:\Program Files (x86)\Delphi 10 Lite\bin;C:\WINDOWS\system32\config\systemprofile\.dnx\bin;C:\Program Files\Microsoft DNX\Dnvm\;C:\Program Files (x86)\Microsoft SDKs\TypeScript\1.0\;C:\WINDOWS\System32\OpenSSH\;C:\Program Files\Git\cmd;C:\Program Files\Microsoft SQL Server\Client SDK\ODBC\130\Tools\Binn\;C:\Program Files (x86)\Microsoft SQL Server\140\Tools\Binn\;C:\Program Files\Microsoft SQL Server\140\Tools\Binn\;C:\Program Files\Microsoft SQL Server\140\DTS\Binn\;C:\Program Files\Microsoft SQL Server\130\Tools\Binn\;C:\Program Files (x86)\Microsoft SQL Server\150\DTS\Binn\;C:\Program Files\dotnet\;C:\Ruby25-x64\bin;C:\Program Files\Ruby25-x64\bin;C:\Users\User\AppData\Local\Programs\Python\Python37-32\Scripts\;C:\Users\User\AppData\Local\Programs\Python\Python37-32\;C:\Users\User\Documents\Borland Studio Projects\Bpl;C:\Users\User\AppData\Local\Microsoft\WindowsApps;C:\ProgsForJava\mav\maven\bin;C:\Program Files\Java\jdk-9.0.1\bin;C:\Program Files\Java\jdk-9.0.1\lib;C:\Program Files (x86)\Graphviz2.38\bin;
USERNAME=User
OS=Windows_NT
PROCESSOR_IDENTIFIER=Intel64 Family 6 Model 76 Stepping 3, GenuineIntel



---------------  S Y S T E M  ---------------

OS: Windows 10 , 64 bit Build 17134 (10.0.17134.1)

CPU:total 2 (initial active 2) (2 cores per cpu, 1 threads per core) family 6 model 76 stepping 3, cmov, cx8, fxsr, mmx, sse, sse2, sse3, ssse3, sse4.1, sse4.2, popcnt, aes, clmul, erms, 3dnowpref, tsc, tscinvbit

Memory: 4k page, physical 4042116k(715992k free), swap 7892832k(2087604k free)

vm_info: Java HotSpot(TM) 64-Bit Server VM (9.0.1+11) for windows-amd64 JRE (9.0.1+11), built on Sep 28 2017 04:54:03 by "mach5one" with MS VC++ 12.0 (VS2013)

END.
