#
# A fatal error has been detected by the Java Runtime Environment:
#
#  EXCEPTION_ACCESS_VIOLATION (0xc0000005) at pc=0x0000000053ac7984, pid=11352, tid=2860
#
# JRE version: Java(TM) SE Runtime Environment (9.0+11) (build 9.0.1+11)
# Java VM: Java HotSpot(TM) 64-Bit Server VM (9.0.1+11, mixed mode, tiered, compressed oops, g1 gc, windows-amd64)
# Problematic frame:
# V  [jvm.dll+0x217984]
#
# No core dump will be written. Minidumps are not enabled by default on client versions of Windows
#
# If you would like to submit a bug report, please visit:
#   http://bugreport.java.com/bugreport/crash.jsp
#

---------------  S U M M A R Y ------------

Command Line: -agentlib:jdwp=transport=dt_socket,address=127.0.0.1:4633,suspend=y,server=n -ea -Didea.test.cyclic.buffer.size=1048576 -Dfile.encoding=UTF-8 com.intellij.rt.execution.junit.JUnitStarter -ideVersion5 -junit5 parser.parsing.SAX.ParserSAXTest,fromJsonObjectUser

Host: Intel(R) Celeron(R) CPU  N3050  @ 1.60GHz, 2 cores, 3G,  Windows 10 , 64 bit Build 17134 (10.0.17134.1)
Time: Tue Jan 08 01:23:28 2019 RTZ 2 (ceia) elapsed time: 1011 seconds (0d 0h 16m 51s)

---------------  T H R E A D  ---------------

Current thread (0x000001fb5c7ea000):  VMThread "VM Thread" [stack: 0x000000f1cfd00000,0x000000f1cfe00000] [id=2860]

Stack: [0x000000f1cfd00000,0x000000f1cfe00000],  sp=0x000000f1cfdfec58,  free space=1019k
Native frames: (J=compiled Java code, j=interpreted, Vv=VM code, C=native code)
V  [jvm.dll+0x217984]


siginfo: EXCEPTION_ACCESS_VIOLATION (0xc0000005), reading address 0x000001fb5d830dc8


Register to memory mapping:

RIP=0x0000000053ac7984 jvm.dll
RAX=0x0000000000058040 is an unknown value
RBX=0x000001fb5d7d7be8 is pointing into metadata
RCX=0x000001fb5d7d8d78 is pointing into metadata
RDX=0x0000000000002c02 is an unknown value
RSP=0x000000f1cfdfec58 is an unknown value
RBP=0x0000000000000001 is an unknown value
RSI=0x000000f1cfdfef10 is an unknown value
RDI=0x000000f1cfdfef10 is an unknown value
R8 =0x0000000000000000 is an unknown value
R9 =0x000001fb5d7d7be8 is pointing into metadata
R10=0x0000000000000001 is an unknown value
R11=0x000001fb3c2b54e4 is an unknown value
R12=0x000000f1cfdff101 is an unknown value
R13=0x0000000000000000 is an unknown value
R14=0x0000000000000000 is an unknown value
R15=0x0000000000000028 is an unknown value


Registers:
RAX=0x0000000000058040, RBX=0x000001fb5d7d7be8, RCX=0x000001fb5d7d8d78, RDX=0x0000000000002c02
RSP=0x000000f1cfdfec58, RBP=0x0000000000000001, RSI=0x000000f1cfdfef10, RDI=0x000000f1cfdfef10
R8 =0x0000000000000000, R9 =0x000001fb5d7d7be8, R10=0x0000000000000001, R11=0x000001fb3c2b54e4
R12=0x000000f1cfdff101, R13=0x0000000000000000, R14=0x0000000000000000, R15=0x0000000000000028
RIP=0x0000000053ac7984, EFLAGS=0x0000000000010202

Top of Stack: (sp=0x000000f1cfdfec58)
0x000000f1cfdfec58:   0000000053ba3b43 000000f1cfdfefd0
0x000000f1cfdfec68:   00007ffcc58370f9 000001fb3c1f30c0
0x000000f1cfdfec78:   000001fb3c1ed4b0 000000f1cfdfef10
0x000000f1cfdfec88:   0000000053ba7195 000001fb3c2b5348
0x000000f1cfdfec98:   000001fb3c2b5348 0000f90fb10558b4
0x000000f1cfdfeca8:   000000f1cfdfef10 0000000000000001
0x000000f1cfdfecb8:   000000f1cfdfed50 000000f1cfdfef10
0x000000f1cfdfecc8:   0000000053ba5f0b 000000f1cfdfef10
0x000000f1cfdfecd8:   000000000000001e 000000f1cfdfed80
0x000000f1cfdfece8:   0000000000000001 000000000000001e
0x000000f1cfdfecf8:   000000f1cfdff101 0000000000000028
0x000000f1cfdfed08:   000000000000002e 000001fb3c2b5258
0x000000f1cfdfed18:   0000000053ba654e 000000f1cfdfef10
0x000000f1cfdfed28:   000000f1cfdfed80 0000000000000001
0x000000f1cfdfed38:   000001fb3c2b5258 0000000000006000
0x000000f1cfdfed48:   0000000053ba8451 000001fb5d7d8bf0 

Instructions: (pc=0x0000000053ac7984)
0x0000000053ac7964:   18 f7 d2 48 63 c2 48 c1 e0 05 48 8b 44 08 10 0f
0x0000000053ac7974:   b7 c0 41 0f b7 44 c1 4a c3 48 63 c2 48 c1 e0 05
0x0000000053ac7984:   48 8b 44 08 10 0f b7 d0 48 63 c2 41 0f b7 44 c1
0x0000000053ac7994:   4a c3 49 8b 41 08 48 63 ca 0f b6 44 08 04 3c 12 


VM_Operation (0x000000f1d06ff700): GetOrSetLocal, mode: safepoint, requested by thread 0x000001fb5cb3a000


---------------  P R O C E S S  ---------------

Java Threads: ( => current thread )
  0x000001fb5cb6f800 JavaThread "Service Thread" daemon [_thread_blocked, id=14004, stack(0x000000f1d0900000,0x000000f1d0a00000)]
  0x000001fb5cb50000 JavaThread "JDWP Command Reader" daemon [_thread_in_native, id=12660, stack(0x000000f1d0800000,0x000000f1d0900000)]
  0x000001fb5cb4f800 JavaThread "JDWP Event Helper Thread" daemon [_thread_blocked, id=1176, stack(0x000000f1d0700000,0x000000f1d0800000)]
  0x000001fb5cb3a000 JavaThread "JDWP Transport Listener: dt_socket" daemon [_thread_blocked, id=10228, stack(0x000000f1d0600000,0x000000f1d0700000)]
  0x000001fb5c8b6800 JavaThread "Common-Cleaner" daemon [_thread_blocked, id=6968, stack(0x000000f1d0500000,0x000000f1d0600000)]
  0x000001fb5c8b3000 JavaThread "Sweeper thread" daemon [_thread_blocked, id=8380, stack(0x000000f1d0400000,0x000000f1d0500000)]
  0x000001fb5c8b2000 JavaThread "C1 CompilerThread1" daemon [_thread_blocked, id=10968, stack(0x000000f1d0300000,0x000000f1d0400000)]
  0x000001fb5c84f000 JavaThread "C2 CompilerThread0" daemon [_thread_blocked, id=8904, stack(0x000000f1d0200000,0x000000f1d0300000)]
  0x000001fb5c7fd800 JavaThread "Attach Listener" daemon [_thread_blocked, id=10096, stack(0x000000f1d0100000,0x000000f1d0200000)]
  0x000001fb5c84d800 JavaThread "Signal Dispatcher" daemon [_thread_blocked, id=13656, stack(0x000000f1d0000000,0x000000f1d0100000)]
  0x000001fb5c7f0800 JavaThread "Finalizer" daemon [_thread_blocked, id=11732, stack(0x000000f1cff00000,0x000000f1d0000000)]
  0x000001fb5c802000 JavaThread "Reference Handler" daemon [_thread_blocked, id=13952, stack(0x000000f1cfe00000,0x000000f1cff00000)]
  0x000001fb3c213800 JavaThread "main" [_thread_blocked, id=10728, stack(0x000000f1cf500000,0x000000f1cf600000)]

Other Threads:
=>0x000001fb5c7ea000 VMThread "VM Thread" [stack: 0x000000f1cfd00000,0x000000f1cfe00000] [id=2860]
  0x000001fb5cb71000 WatcherThread [stack: 0x000000f1d0a00000,0x000000f1d0b00000] [id=6288]
  0x000001fb3c22b800 GCTaskThread "GC Thread#0" [stack: 0x000000f1cf600000,0x000000f1cf700000] [id=14252]
  0x000001fb3c22d800 GCTaskThread "GC Thread#1" [stack: 0x000000f1cf700000,0x000000f1cf800000] [id=10540]
  0x000001fb3c26a800 ConcurrentGCThread "G1 Main Marker" [stack: 0x000000f1cfb00000,0x000000f1cfc00000] [id=8128]
  0x000001fb3c26b800 ConcurrentGCThread "G1 Marker#0" [stack: 0x000000f1cfc00000,0x000000f1cfd00000] [id=12428]
  0x000001fb3c232000 ConcurrentGCThread "G1 Refine#0" [stack: 0x000000f1cf900000,0x000000f1cfa00000] [id=9680]
  0x000001fb3c230000 ConcurrentGCThread "G1 Refine#1" [stack: 0x000000f1cf800000,0x000000f1cf900000] [id=3204]
  0x000001fb3c233800 ConcurrentGCThread "G1 Young RemSet Sampling" [stack: 0x000000f1cfa00000,0x000000f1cfb00000] [id=13324]

Threads with active compile tasks:

VM state:at safepoint (normal execution)

VM Mutex/Monitor currently owned by a thread:  ([mutex/lock_event])
[0x000001fb3c212060] Threads_lock - owner thread: 0x000001fb5c7ea000

Heap address: 0x00000000c2400000, size: 988 MB, Compressed Oops mode: 32-bit
Narrow klass base: 0x0000000000000000, Narrow klass shift: 3
Compressed class space size: 1073741824 Address: 0x0000000100000000

Heap:
 garbage-first heap   total 63488K, used 3863K [0x00000000c2400000, 0x00000000c25001f0, 0x0000000100000000)
  region size 1024K, 3 young (3072K), 1 survivors (1024K)
 Metaspace       used 10109K, capacity 10838K, committed 10880K, reserved 1058816K
  class space    used 1035K, capacity 1150K, committed 1152K, reserved 1048576K
Heap Regions: E=young(eden), S=young(survivor), O=old, HS=humongous(starts), HC=humongous(continues), CS=collection set, F=free, A=archive, TS=gc time stamp, AC=allocation context, TAMS=top-at-mark-start (previous, next)
|   0|0x00000000c2400000, 0x00000000c2500000, 0x00000000c2500000|100%| O|  |TS  1|AC  0|TAMS 0x00000000c2400000, 0x00000000c2400000|
|   1|0x00000000c2500000, 0x00000000c2600000, 0x00000000c2600000|100%| O|  |TS  3|AC  0|TAMS 0x00000000c2500000, 0x00000000c2500000|
|   2|0x00000000c2600000, 0x00000000c2638400, 0x00000000c2700000| 21%| O|  |TS  3|AC  0|TAMS 0x00000000c2600000, 0x00000000c2600000|
|   3|0x00000000c2700000, 0x00000000c2700000, 0x00000000c2800000|  0%| F|  |TS  0|AC  0|TAMS 0x00000000c2700000, 0x00000000c2700000|
|   4|0x00000000c2800000, 0x00000000c2800000, 0x00000000c2900000|  0%| F|  |TS  0|AC  0|TAMS 0x00000000c2800000, 0x00000000c2800000|
|   5|0x00000000c2900000, 0x00000000c2900000, 0x00000000c2a00000|  0%| F|  |TS  0|AC  0|TAMS 0x00000000c2900000, 0x00000000c2900000|
|   6|0x00000000c2a00000, 0x00000000c2a00000, 0x00000000c2b00000|  0%| F|  |TS  0|AC  0|TAMS 0x00000000c2a00000, 0x00000000c2a00000|
|   7|0x00000000c2b00000, 0x00000000c2b00000, 0x00000000c2c00000|  0%| F|  |TS  0|AC  0|TAMS 0x00000000c2b00000, 0x00000000c2b00000|
|   8|0x00000000c2c00000, 0x00000000c2c00000, 0x00000000c2d00000|  0%| F|  |TS  0|AC  0|TAMS 0x00000000c2c00000, 0x00000000c2c00000|
|   9|0x00000000c2d00000, 0x00000000c2d00000, 0x00000000c2e00000|  0%| F|  |TS  0|AC  0|TAMS 0x00000000c2d00000, 0x00000000c2d00000|
|  10|0x00000000c2e00000, 0x00000000c2e00000, 0x00000000c2f00000|  0%| F|  |TS  0|AC  0|TAMS 0x00000000c2e00000, 0x00000000c2e00000|
|  11|0x00000000c2f00000, 0x00000000c2f00000, 0x00000000c3000000|  0%| F|  |TS  0|AC  0|TAMS 0x00000000c2f00000, 0x00000000c2f00000|
|  12|0x00000000c3000000, 0x00000000c3000000, 0x00000000c3100000|  0%| F|  |TS  0|AC  0|TAMS 0x00000000c3000000, 0x00000000c3000000|
|  13|0x00000000c3100000, 0x00000000c3100000, 0x00000000c3200000|  0%| F|  |TS  0|AC  0|TAMS 0x00000000c3100000, 0x00000000c3100000|
|  14|0x00000000c3200000, 0x00000000c3200000, 0x00000000c3300000|  0%| F|  |TS  0|AC  0|TAMS 0x00000000c3200000, 0x00000000c3200000|
|  15|0x00000000c3300000, 0x00000000c3300000, 0x00000000c3400000|  0%| F|  |TS  0|AC  0|TAMS 0x00000000c3300000, 0x00000000c3300000|
|  16|0x00000000c3400000, 0x00000000c3400000, 0x00000000c3500000|  0%| F|  |TS  0|AC  0|TAMS 0x00000000c3400000, 0x00000000c3400000|
|  17|0x00000000c3500000, 0x00000000c3500000, 0x00000000c3600000|  0%| F|  |TS  0|AC  0|TAMS 0x00000000c3500000, 0x00000000c3500000|
|  18|0x00000000c3600000, 0x00000000c3600000, 0x00000000c3700000|  0%| F|  |TS  0|AC  0|TAMS 0x00000000c3600000, 0x00000000c3600000|
|  19|0x00000000c3700000, 0x00000000c3700000, 0x00000000c3800000|  0%| F|  |TS  0|AC  0|TAMS 0x00000000c3700000, 0x00000000c3700000|
|  20|0x00000000c3800000, 0x00000000c3800000, 0x00000000c3900000|  0%| F|  |TS  0|AC  0|TAMS 0x00000000c3800000, 0x00000000c3800000|
|  21|0x00000000c3900000, 0x00000000c3900000, 0x00000000c3a00000|  0%| F|  |TS  0|AC  0|TAMS 0x00000000c3900000, 0x00000000c3900000|
|  22|0x00000000c3a00000, 0x00000000c3a00000, 0x00000000c3b00000|  0%| F|  |TS  0|AC  0|TAMS 0x00000000c3a00000, 0x00000000c3a00000|
|  23|0x00000000c3b00000, 0x00000000c3b00000, 0x00000000c3c00000|  0%| F|  |TS  0|AC  0|TAMS 0x00000000c3b00000, 0x00000000c3b00000|
|  24|0x00000000c3c00000, 0x00000000c3c00000, 0x00000000c3d00000|  0%| F|  |TS  0|AC  0|TAMS 0x00000000c3c00000, 0x00000000c3c00000|
|  25|0x00000000c3d00000, 0x00000000c3d00000, 0x00000000c3e00000|  0%| F|  |TS  0|AC  0|TAMS 0x00000000c3d00000, 0x00000000c3d00000|
|  26|0x00000000c3e00000, 0x00000000c3e00000, 0x00000000c3f00000|  0%| F|  |TS  0|AC  0|TAMS 0x00000000c3e00000, 0x00000000c3e00000|
|  27|0x00000000c3f00000, 0x00000000c3f00000, 0x00000000c4000000|  0%| F|  |TS  0|AC  0|TAMS 0x00000000c3f00000, 0x00000000c3f00000|
|  28|0x00000000c4000000, 0x00000000c4000000, 0x00000000c4100000|  0%| F|  |TS  0|AC  0|TAMS 0x00000000c4000000, 0x00000000c4000000|
|  29|0x00000000c4100000, 0x00000000c4100000, 0x00000000c4200000|  0%| F|  |TS  0|AC  0|TAMS 0x00000000c4100000, 0x00000000c4100000|
|  30|0x00000000c4200000, 0x00000000c4200000, 0x00000000c4300000|  0%| F|  |TS  0|AC  0|TAMS 0x00000000c4200000, 0x00000000c4200000|
|  31|0x00000000c4300000, 0x00000000c4300000, 0x00000000c4400000|  0%| F|  |TS  0|AC  0|TAMS 0x00000000c4300000, 0x00000000c4300000|
|  32|0x00000000c4400000, 0x00000000c4400000, 0x00000000c4500000|  0%| F|  |TS  0|AC  0|TAMS 0x00000000c4400000, 0x00000000c4400000|
|  33|0x00000000c4500000, 0x00000000c4500000, 0x00000000c4600000|  0%| F|  |TS  0|AC  0|TAMS 0x00000000c4500000, 0x00000000c4500000|
|  34|0x00000000c4600000, 0x00000000c4600000, 0x00000000c4700000|  0%| F|  |TS  0|AC  0|TAMS 0x00000000c4600000, 0x00000000c4600000|
|  35|0x00000000c4700000, 0x00000000c4700000, 0x00000000c4800000|  0%| F|  |TS  0|AC  0|TAMS 0x00000000c4700000, 0x00000000c4700000|
|  36|0x00000000c4800000, 0x00000000c4800000, 0x00000000c4900000|  0%| F|  |TS  0|AC  0|TAMS 0x00000000c4800000, 0x00000000c4800000|
|  37|0x00000000c4900000, 0x00000000c4900000, 0x00000000c4a00000|  0%| F|  |TS  0|AC  0|TAMS 0x00000000c4900000, 0x00000000c4900000|
|  38|0x00000000c4a00000, 0x00000000c4a00000, 0x00000000c4b00000|  0%| F|  |TS  0|AC  0|TAMS 0x00000000c4a00000, 0x00000000c4a00000|
|  39|0x00000000c4b00000, 0x00000000c4b00000, 0x00000000c4c00000|  0%| F|  |TS  0|AC  0|TAMS 0x00000000c4b00000, 0x00000000c4b00000|
|  40|0x00000000c4c00000, 0x00000000c4c00000, 0x00000000c4d00000|  0%| F|  |TS  0|AC  0|TAMS 0x00000000c4c00000, 0x00000000c4c00000|
|  41|0x00000000c4d00000, 0x00000000c4d00000, 0x00000000c4e00000|  0%| F|  |TS  0|AC  0|TAMS 0x00000000c4d00000, 0x00000000c4d00000|
|  42|0x00000000c4e00000, 0x00000000c4e00000, 0x00000000c4f00000|  0%| F|  |TS  0|AC  0|TAMS 0x00000000c4e00000, 0x00000000c4e00000|
|  43|0x00000000c4f00000, 0x00000000c4f00000, 0x00000000c5000000|  0%| F|  |TS  0|AC  0|TAMS 0x00000000c4f00000, 0x00000000c4f00000|
|  44|0x00000000c5000000, 0x00000000c5000000, 0x00000000c5100000|  0%| F|  |TS  0|AC  0|TAMS 0x00000000c5000000, 0x00000000c5000000|
|  45|0x00000000c5100000, 0x00000000c5100000, 0x00000000c5200000|  0%| F|  |TS  0|AC  0|TAMS 0x00000000c5100000, 0x00000000c5100000|
|  46|0x00000000c5200000, 0x00000000c5200000, 0x00000000c5300000|  0%| F|  |TS  0|AC  0|TAMS 0x00000000c5200000, 0x00000000c5200000|
|  47|0x00000000c5300000, 0x00000000c5300000, 0x00000000c5400000|  0%| F|  |TS  0|AC  0|TAMS 0x00000000c5300000, 0x00000000c5300000|
|  48|0x00000000c5400000, 0x00000000c5400000, 0x00000000c5500000|  0%| F|  |TS  0|AC  0|TAMS 0x00000000c5400000, 0x00000000c5400000|
|  49|0x00000000c5500000, 0x00000000c5500000, 0x00000000c5600000|  0%| F|  |TS  0|AC  0|TAMS 0x00000000c5500000, 0x00000000c5500000|
|  50|0x00000000c5600000, 0x00000000c5600000, 0x00000000c5700000|  0%| F|  |TS  0|AC  0|TAMS 0x00000000c5600000, 0x00000000c5600000|
|  51|0x00000000c5700000, 0x00000000c5700000, 0x00000000c5800000|  0%| F|  |TS  0|AC  0|TAMS 0x00000000c5700000, 0x00000000c5700000|
|  52|0x00000000c5800000, 0x00000000c5800000, 0x00000000c5900000|  0%| F|  |TS  0|AC  0|TAMS 0x00000000c5800000, 0x00000000c5800000|
|  53|0x00000000c5900000, 0x00000000c5900000, 0x00000000c5a00000|  0%| F|  |TS  0|AC  0|TAMS 0x00000000c5900000, 0x00000000c5900000|
|  54|0x00000000c5a00000, 0x00000000c5a00000, 0x00000000c5b00000|  0%| F|  |TS  3|AC  0|TAMS 0x00000000c5a00000, 0x00000000c5a00000|
|  55|0x00000000c5b00000, 0x00000000c5b00000, 0x00000000c5c00000|  0%| F|  |TS  1|AC  0|TAMS 0x00000000c5b00000, 0x00000000c5b00000|
|  56|0x00000000c5c00000, 0x00000000c5c00000, 0x00000000c5d00000|  0%| F|  |TS  1|AC  0|TAMS 0x00000000c5c00000, 0x00000000c5c00000|
|  57|0x00000000c5d00000, 0x00000000c5d00000, 0x00000000c5e00000|  0%| F|  |TS  1|AC  0|TAMS 0x00000000c5d00000, 0x00000000c5d00000|
|  58|0x00000000c5e00000, 0x00000000c5e8dbe0, 0x00000000c5f00000| 55%| S|CS|TS  3|AC  0|TAMS 0x00000000c5e00000, 0x00000000c5e00000|
|  59|0x00000000c5f00000, 0x00000000c5f00000, 0x00000000c6000000|  0%| F|  |TS  3|AC  0|TAMS 0x00000000c5f00000, 0x00000000c5f00000|
|  60|0x00000000c6000000, 0x00000000c60af4b8, 0x00000000c6100000| 68%| E|  |TS  3|AC  0|TAMS 0x00000000c6000000, 0x00000000c6000000|
|  61|0x00000000c6100000, 0x00000000c6200000, 0x00000000c6200000|100%| E|CS|TS  3|AC  0|TAMS 0x00000000c6100000, 0x00000000c6100000|

Card table byte_map: [0x000001fb57970000,0x000001fb57b60000] byte_map_base: 0x000001fb5735e000

Marking Bits (Prev, Next): (CMBitMap*) 0x000001fb3c269be0, (CMBitMap*) 0x000001fb3c269c18
 Prev Bits: [0x000001fb57d50000, 0x000001fb58cc0000)
 Next Bits: [0x000001fb58cc0000, 0x000001fb59c30000)

Polling page: 0x000001fb3c130000

CodeHeap 'non-profiled nmethods': size=120064Kb used=319Kb max_used=319Kb free=119744Kb
 bounds [0x000001fb4fc50000, 0x000001fb4fec0000, 0x000001fb57190000]
CodeHeap 'profiled nmethods': size=120000Kb used=1933Kb max_used=1933Kb free=118067Kb
 bounds [0x000001fb48720000, 0x000001fb48990000, 0x000001fb4fc50000]
CodeHeap 'non-nmethods': size=5696Kb used=1201Kb max_used=1217Kb free=4494Kb
 bounds [0x000001fb48190000, 0x000001fb48400000, 0x000001fb48720000]
 total_blobs=1511 nmethods=984 adapters=264
 compilation: enabled

Compilation events (10 events):
Event: 6.442 Thread 0x000001fb5c8b2000  980   !   3       java.util.zip.ZipFile::getInputStream (336 bytes)
Event: 6.446 Thread 0x000001fb5c8b2000 nmethod 980 0x000001fb488fd890 code [0x000001fb488fdc60, 0x000001fb488ffa60]
Event: 6.446 Thread 0x000001fb5c8b2000  982       3       java.util.zip.ZipUtils::CENOFF (9 bytes)
Event: 6.447 Thread 0x000001fb5c8b2000 nmethod 982 0x000001fb48900a10 code [0x000001fb48900be0, 0x000001fb48900ef8]
Event: 6.447 Thread 0x000001fb5c8b2000  981       3       java.util.zip.ZipFile$ZipFileInputStream::<init> (93 bytes)
Event: 6.448 Thread 0x000001fb5c8b2000 nmethod 981 0x000001fb48901090 code [0x000001fb489012e0, 0x000001fb48901dd0]
Event: 6.452 Thread 0x000001fb5c8b2000  983       3       java.lang.invoke.DirectMethodHandle::shouldBeInitialized (123 bytes)
Event: 6.453 Thread 0x000001fb5c8b2000 nmethod 983 0x000001fb48902310 code [0x000001fb489025a0, 0x000001fb48903120]
Event: 6.456 Thread 0x000001fb5c84f000  984       4       sun.nio.fs.WindowsPathParser::isSlash (18 bytes)
Event: 6.457 Thread 0x000001fb5c84f000 nmethod 984 0x000001fb4fc9fc10 code [0x000001fb4fc9fda0, 0x000001fb4fc9fdf8]

GC Heap History (4 events):
Event: 5.337 GC heap before
{Heap before GC invocations=0 (full 0):
 garbage-first heap   total 63488K, used 7168K [0x00000000c2400000, 0x00000000c25001f0, 0x0000000100000000)
  region size 1024K, 7 young (7168K), 0 survivors (0K)
 Metaspace       used 9007K, capacity 9402K, committed 9728K, reserved 1058816K
  class space    used 873K, capacity 970K, committed 1024K, reserved 1048576K
}
Event: 5.351 GC heap after
{Heap after GC invocations=1 (full 0):
 garbage-first heap   total 63488K, used 2203K [0x00000000c2400000, 0x00000000c25001f0, 0x0000000100000000)
  region size 1024K, 1 young (1024K), 1 survivors (1024K)
 Metaspace       used 9007K, capacity 9402K, committed 9728K, reserved 1058816K
  class space    used 873K, capacity 970K, committed 1024K, reserved 1048576K
}
Event: 6.026 GC heap before
{Heap before GC invocations=1 (full 0):
 garbage-first heap   total 63488K, used 5275K [0x00000000c2400000, 0x00000000c25001f0, 0x0000000100000000)
  region size 1024K, 4 young (4096K), 1 survivors (1024K)
 Metaspace       used 9688K, capacity 10258K, committed 10368K, reserved 1058816K
  class space    used 971K, capacity 1072K, committed 1152K, reserved 1048576K
}
Event: 6.037 GC heap after
{Heap after GC invocations=2 (full 0):
 garbage-first heap   total 63488K, used 2839K [0x00000000c2400000, 0x00000000c25001f0, 0x0000000100000000)
  region size 1024K, 1 young (1024K), 1 survivors (1024K)
 Metaspace       used 9688K, capacity 10258K, committed 10368K, reserved 1058816K
  class space    used 971K, capacity 1072K, committed 1152K, reserved 1048576K
}

Deoptimization events (3 events):
Event: 0.935 Thread 0x000001fb3c213800 Uncommon trap: reason=range_check action=reinterpret pc=0x000001fb4fc54010 method=java.lang.StringLatin1.indexOf([BII)I @ 13 c2
Event: 2.626 Thread 0x000001fb3c213800 Uncommon trap: reason=unstable_if action=reinterpret pc=0x000001fb4fc532fc method=java.lang.String.charAt(I)C @ 4 c2
Event: 5.365 Thread 0x000001fb3c213800 Uncommon trap: reason=unstable_if action=reinterpret pc=0x000001fb4fc86ce8 method=java.util.HashMap.getNode(ILjava/lang/Object;)Ljava/util/HashMap$Node; @ 129 c2

Classes redefined (4 events):
Event: 131.625 Thread 0x000001fb5c7ea000 redefined class name=parser.parsing.SAX.JsonParserSax, count=1
Event: 679.129 Thread 0x000001fb5c7ea000 redefined class name=parser.parsing.SAX.JsonParserSax, count=2
Event: 784.768 Thread 0x000001fb5c7ea000 redefined class name=parser.parsing.SAX.JsonParserSax, count=3
Event: 1010.650 Thread 0x000001fb5c7ea000 redefined class name=parser.parsing.SAX.JsonParserSax, count=4

Internal exceptions (10 events):
Event: 5.503 Thread 0x000001fb3c213800 Exception <a 'java/lang/IncompatibleClassChangeError'{0x00000000c618a060}: Found class java.lang.Object, but interface was expected> (0x00000000c618a060) thrown at [t:/workspace/hotspot/src/share/vm/interpreter/linkResolver.cpp, line 793]
Event: 5.510 Thread 0x000001fb3c213800 Exception <a 'java/lang/NoSuchMethodError'{0x00000000c61901d0}: java.lang.Object.lambda$accept$0(Lorg/junit/platform/engine/TestDescriptor$Visitor;Lorg/junit/platform/engine/TestDescriptor;)V> (0x00000000c61901d0) thrown at [t:/workspace/hotspot/src/share
Event: 5.515 Thread 0x000001fb3c213800 Exception <a 'java/lang/NoSuchMethodError'{0x00000000c6198648}: java.lang.Object.containsTests(Lorg/junit/platform/engine/TestDescriptor;)Z> (0x00000000c6198648) thrown at [t:/workspace/hotspot/src/share/vm/interpreter/linkResolver.cpp, line 731]
Event: 5.664 Thread 0x000001fb3c213800 Exception <a 'java/lang/NoSuchMethodError'{0x00000000c6043ab8}: java.lang.Object.lambda$adaptFilter$0(Lorg/junit/platform/engine/Filter;Ljava/util/function/Function;Ljava/lang/Object;)Lorg/junit/platform/engine/FilterResult;> (0x00000000c6043ab8) thrown a
Event: 5.668 Thread 0x000001fb3c213800 Exception <a 'java/lang/NoSuchMethodError'{0x00000000c604d0d8}: java.lang.invoke.DirectMethodHandle$Holder.invokeSpecial(Ljava/lang/Object;Ljava/lang/Object;Ljava/lang/Object;Ljava/lang/Object;)V> (0x00000000c604d0d8) thrown at [t:/workspace/hotspot/src/s
Event: 5.672 Thread 0x000001fb3c213800 Exception <a 'java/lang/NoSuchMethodError'{0x00000000c6053998}: java.lang.Object.lambda$toPredicate$1(Ljava/lang/Object;)Z> (0x00000000c6053998) thrown at [t:/workspace/hotspot/src/share/vm/interpreter/linkResolver.cpp, line 731]
Event: 5.675 Thread 0x000001fb3c213800 Exception <a 'java/lang/NoSuchMethodError'{0x00000000c6056340}: java.lang.Object.lambda$and$0(Ljava/util/function/Predicate;Ljava/lang/Object;)Z> (0x00000000c6056340) thrown at [t:/workspace/hotspot/src/share/vm/interpreter/linkResolver.cpp, line 731]
Event: 5.806 Thread 0x000001fb3c213800 Exception <a 'java/lang/NoSuchMethodError'{0x00000000c60f6030}: java.lang.invoke.DirectMethodHandle$Holder.invokeInterface(Ljava/lang/Object;Ljava/lang/Object;Ljava/lang/Object;)V> (0x00000000c60f6030) thrown at [t:/workspace/hotspot/src/share/vm/interpre
Event: 6.112 Thread 0x000001fb3c213800 Exception <a 'java/lang/NoSuchMethodError'{0x00000000c615c6a8}: method resolution failed> (0x00000000c615c6a8) thrown at [t:/workspace/hotspot/src/share/vm/prims/methodHandles.cpp, line 1256]
Event: 6.194 Thread 0x000001fb3c213800 Exception <a 'java/lang/NoSuchMethodError'{0x00000000c61b2ca0}: java.lang.Object.lambda$andThen$1(Ljava/util/function/Function;Ljava/lang/Object;)Ljava/lang/Object;> (0x00000000c61b2ca0) thrown at [t:/workspace/hotspot/src/share/vm/interpreter/linkResolve

Events (10 events):
Event: 1010.652 Executing VM operation: RedefineClasses done
Event: 1010.656 Executing VM operation: GetFrameCount
Event: 1010.656 Executing VM operation: GetFrameCount done
Event: 1010.657 Executing VM operation: GetFrameCount
Event: 1010.658 Executing VM operation: GetFrameCount done
Event: 1010.659 Executing VM operation: GetFrameLocation
Event: 1010.659 Executing VM operation: GetFrameLocation done
Event: 1010.662 Executing VM operation: GetFrameLocation
Event: 1010.662 Executing VM operation: GetFrameLocation done
Event: 1010.662 Executing VM operation: GetOrSetLocal


Dynamic libraries:
0x00007ff7218a0000 - 0x00007ff7218de000 	C:\Program Files\Java\jdk-9.0.1\bin\java.exe
0x00007ffcff100000 - 0x00007ffcff2e1000 	C:\WINDOWS\SYSTEM32\ntdll.dll
0x00007ffcfc730000 - 0x00007ffcfc7e2000 	C:\WINDOWS\System32\KERNEL32.DLL
0x00007ffcfb5a0000 - 0x00007ffcfb813000 	C:\WINDOWS\System32\KERNELBASE.dll
0x00007ffcfee90000 - 0x00007ffcfef31000 	C:\WINDOWS\System32\ADVAPI32.dll
0x00007ffcfece0000 - 0x00007ffcfed7e000 	C:\WINDOWS\System32\msvcrt.dll
0x00007ffcfe720000 - 0x00007ffcfe77b000 	C:\WINDOWS\System32\sechost.dll
0x00007ffcfcd00000 - 0x00007ffcfce24000 	C:\WINDOWS\System32\RPCRT4.dll
0x00007ffcfe790000 - 0x00007ffcfe920000 	C:\WINDOWS\System32\USER32.dll
0x00007ffcfb4d0000 - 0x00007ffcfb4f0000 	C:\WINDOWS\System32\win32u.dll
0x00007ffcfef40000 - 0x00007ffcfef68000 	C:\WINDOWS\System32\GDI32.dll
0x00007ffcfc0b0000 - 0x00007ffcfc242000 	C:\WINDOWS\System32\gdi32full.dll
0x00007ffcfc250000 - 0x00007ffcfc2ef000 	C:\WINDOWS\System32\msvcp_win.dll
0x00007ffcfbfb0000 - 0x00007ffcfc0aa000 	C:\WINDOWS\System32\ucrtbase.dll
0x00007ffcec180000 - 0x00007ffcec3e9000 	C:\WINDOWS\WinSxS\amd64_microsoft.windows.common-controls_6595b64144ccf1df_6.0.17134.472_none_fb3f9af53068156d\COMCTL32.dll
0x00007ffcfe9b0000 - 0x00007ffcfecd2000 	C:\WINDOWS\System32\combase.dll
0x00007ffcfbf30000 - 0x00007ffcfbfaa000 	C:\WINDOWS\System32\bcryptPrimitives.dll
0x00007ffcea300000 - 0x00007ffcea30a000 	C:\WINDOWS\SYSTEM32\VERSION.dll
0x00007ffcfcc40000 - 0x00007ffcfcc6d000 	C:\WINDOWS\System32\IMM32.DLL
0x00007ffcc5810000 - 0x00007ffcc58ff000 	C:\Program Files\Java\jdk-9.0.1\bin\msvcr120.dll
0x00007ffcc5520000 - 0x00007ffcc55c6000 	C:\Program Files\Java\jdk-9.0.1\bin\msvcp120.dll
0x00000000538b0000 - 0x00000000542d4000 	C:\Program Files\Java\jdk-9.0.1\bin\server\jvm.dll
0x00007ffcfe780000 - 0x00007ffcfe788000 	C:\WINDOWS\System32\PSAPI.DLL
0x00007ffcfa040000 - 0x00007ffcfa049000 	C:\WINDOWS\SYSTEM32\WSOCK32.dll
0x00007ffcfee20000 - 0x00007ffcfee8c000 	C:\WINDOWS\System32\WS2_32.dll
0x00007ffcf93d0000 - 0x00007ffcf93f3000 	C:\WINDOWS\SYSTEM32\WINMM.dll
0x00007ffcf93a0000 - 0x00007ffcf93ca000 	C:\WINDOWS\SYSTEM32\WINMMBASE.dll
0x00007ffcfc540000 - 0x00007ffcfc589000 	C:\WINDOWS\System32\cfgmgr32.dll
0x00007ffcf7100000 - 0x00007ffcf710f000 	C:\Program Files\Java\jdk-9.0.1\bin\verify.dll
0x00007ffcf7070000 - 0x00007ffcf7097000 	C:\Program Files\Java\jdk-9.0.1\bin\java.dll
0x00007ffcc5370000 - 0x00007ffcc53a6000 	C:\Program Files\Java\jdk-9.0.1\bin\jdwp.dll
0x00007ffcf7050000 - 0x00007ffcf7066000 	C:\Program Files\Java\jdk-9.0.1\bin\zip.dll
0x00007ffcf70e0000 - 0x00007ffcf70ea000 	C:\Program Files\Java\jdk-9.0.1\bin\jimage.dll
0x00007ffcfd210000 - 0x00007ffcfe650000 	C:\WINDOWS\System32\SHELL32.dll
0x00007ffcfce30000 - 0x00007ffcfced9000 	C:\WINDOWS\System32\shcore.dll
0x00007ffcfb820000 - 0x00007ffcfbf2d000 	C:\WINDOWS\System32\windows.storage.dll
0x00007ffcfcee0000 - 0x00007ffcfcf31000 	C:\WINDOWS\System32\shlwapi.dll
0x00007ffcfb490000 - 0x00007ffcfb4a1000 	C:\WINDOWS\System32\kernel.appcore.dll
0x00007ffcfb4b0000 - 0x00007ffcfb4cf000 	C:\WINDOWS\System32\profapi.dll
0x00007ffcfb410000 - 0x00007ffcfb45c000 	C:\WINDOWS\System32\powrprof.dll
0x00007ffcfb460000 - 0x00007ffcfb46a000 	C:\WINDOWS\System32\FLTLIB.DLL
0x00007ffcf3d90000 - 0x00007ffcf3daa000 	C:\Program Files\Java\jdk-9.0.1\bin\net.dll
0x00007ffced620000 - 0x00007ffced6fd000 	C:\WINDOWS\SYSTEM32\WINHTTP.dll
0x00007ffcfac30000 - 0x00007ffcfac96000 	C:\WINDOWS\system32\mswsock.dll
0x00007ffcee000000 - 0x00007ffcee011000 	C:\Program Files\Java\jdk-9.0.1\bin\nio.dll
0x00007ffcd06e0000 - 0x00007ffcd06ea000 	C:\Program Files\Java\jdk-9.0.1\bin\dt_socket.dll
0x00007ffcf9e50000 - 0x00007ffcfa019000 	C:\WINDOWS\SYSTEM32\dbghelp.dll

VM Arguments:
jvm_args: -agentlib:jdwp=transport=dt_socket,address=127.0.0.1:4633,suspend=y,server=n -ea -Didea.test.cyclic.buffer.size=1048576 -Dfile.encoding=UTF-8 
java_command: com.intellij.rt.execution.junit.JUnitStarter -ideVersion5 -junit5 parser.parsing.SAX.ParserSAXTest,fromJsonObjectUser
java_class_path (initial): C:\Program Files\JetBrains\IntelliJ IDEA Community Edition 2017.2.6\lib\idea_rt.jar;C:\Program Files\JetBrains\IntelliJ IDEA Community Edition 2017.2.6\plugins\junit\lib\junit-rt.jar;C:\Program Files\JetBrains\IntelliJ IDEA Community Edition 2017.2.6\plugins\junit\lib\junit5-rt.jar;C:\netcracker\jsonparser\target\test-classes;C:\netcracker\jsonparser\target\classes;C:\Users\User\.m2\repository\junit\junit\4.12\junit-4.12.jar;C:\Users\User\.m2\repository\org\hamcrest\hamcrest-core\1.3\hamcrest-core-1.3.jar;C:\Users\User\.m2\repository\org\junit\jupiter\junit-jupiter-api\5.3.0-RC1\junit-jupiter-api-5.3.0-RC1.jar;C:\Users\User\.m2\repository\org\apiguardian\apiguardian-api\1.0.0\apiguardian-api-1.0.0.jar;C:\Users\User\.m2\repository\org\opentest4j\opentest4j\1.1.0\opentest4j-1.1.0.jar;C:\Users\User\.m2\repository\org\junit\platform\junit-platform-commons\1.3.0-RC1\junit-platform-commons-1.3.0-RC1.jar;C:\Program Files\JetBrains\IntelliJ IDEA Community Edition 2017.2.6\plugins\junit\lib\junit-jupiter-engine-5.0.0.jar;C:\Program Files\JetBrains\IntelliJ IDEA Community Edition 2017.2.6\plugins\junit\lib\junit-platform-engine-1.0.0.jar;C:\Program Files\JetBrains\IntelliJ IDEA Community Edition 2017.2.6\plugins\junit\lib\junit-platform-launcher-1.0.0.jar;C:\Program Files\JetBrains\IntelliJ IDEA Community Edition 2017.2.6\plugins\junit\lib\junit-vintage-engine-4.12.0.jar
Launcher Type: SUN_STANDARD

Logging:
Log output configuration:
#0: stdout all=warning uptime,level,tags
#1: stderr all=off uptime,level,tags

Environment Variables:
JAVA_HOME=C:\Program Files\Java\jdk-9.0.1
JRE_HOME=C:\Program Files\Java\jre-9.0.1
PATH=C:\watcom-1.3\binnt;C:\watcom-1.3\binw;C:\oracle\product\12.2.0\dbhome_1\bin;C:\oraclebase12c\product\12.2.0\dbhome_1\bin;C:\ProgramData\Oracle\Java\javapath;C:\Program Files (x86)\Borland\Delphi7\Projects\Bpl;C:\Program Files (x86)\Borland\Delphi7\Bin;C:\Program Files (x86)\Borland\Delphi7\Projects\Bpl\;C:\Program Files (x86)\Intel\TXE Components\TCS\;C:\Program Files\Intel\TXE Components\TCS\;C:\WINDOWS\system32;C:\WINDOWS;C:\WINDOWS\System32\Wbem;C:\WINDOWS\System32\WindowsPowerShell\v1.0\;C:\Program Files\Intel\TXE Components\DAL\;C:\Program Files (x86)\Intel\TXE Components\DAL\;C:\Program Files\Intel\TXE Components\IPT\;C:\Program Files (x86)\Intel\TXE Components\IPT\;C:\Program Files (x86)\Delphi 10 Lite\bin;C:\WINDOWS\system32\config\systemprofile\.dnx\bin;C:\Program Files\Microsoft DNX\Dnvm\;C:\Program Files (x86)\Microsoft SDKs\TypeScript\1.0\;C:\WINDOWS\System32\OpenSSH\;C:\Program Files\Git\cmd;C:\Program Files\Microsoft SQL Server\Client SDK\ODBC\130\Tools\Binn\;C:\Program Files (x86)\Microsoft SQL Server\140\Tools\Binn\;C:\Program Files\Microsoft SQL Server\140\Tools\Binn\;C:\Program Files\Microsoft SQL Server\140\DTS\Binn\;C:\Program Files\Microsoft SQL Server\130\Tools\Binn\;C:\Program Files (x86)\Microsoft SQL Server\150\DTS\Binn\;C:\Program Files\dotnet\;C:\Ruby25-x64\bin;C:\Program Files\Ruby25-x64\bin;C:\Users\User\AppData\Local\Programs\Python\Python37-32\Scripts\;C:\Users\User\AppData\Local\Programs\Python\Python37-32\;C:\Users\User\Documents\Borland Studio Projects\Bpl;C:\Users\User\AppData\Local\Microsoft\WindowsApps;C:\ProgsForJava\mav\maven\bin;C:\Program Files\Java\jdk-9.0.1\bin;C:\Program Files\Java\jdk-9.0.1\lib;C:\Program Files (x86)\Graphviz2.38\bin;
USERNAME=User
OS=Windows_NT
PROCESSOR_IDENTIFIER=Intel64 Family 6 Model 76 Stepping 3, GenuineIntel



---------------  S Y S T E M  ---------------

OS: Windows 10 , 64 bit Build 17134 (10.0.17134.1)

CPU:total 2 (initial active 2) (2 cores per cpu, 1 threads per core) family 6 model 76 stepping 3, cmov, cx8, fxsr, mmx, sse, sse2, sse3, ssse3, sse4.1, sse4.2, popcnt, aes, clmul, erms, 3dnowpref, tsc, tscinvbit

Memory: 4k page, physical 4042116k(641876k free), swap 10293624k(1905332k free)

vm_info: Java HotSpot(TM) 64-Bit Server VM (9.0.1+11) for windows-amd64 JRE (9.0.1+11), built on Sep 28 2017 04:54:03 by "mach5one" with MS VC++ 12.0 (VS2013)

END.
