#
# A fatal error has been detected by the Java Runtime Environment:
#
#  EXCEPTION_ACCESS_VIOLATION (0xc0000005) at pc=0x0000000053ac7984, pid=10600, tid=10976
#
# JRE version: Java(TM) SE Runtime Environment (9.0+11) (build 9.0.1+11)
# Java VM: Java HotSpot(TM) 64-Bit Server VM (9.0.1+11, mixed mode, tiered, compressed oops, g1 gc, windows-amd64)
# Problematic frame:
# V  [jvm.dll+0x217984]
#
# No core dump will be written. Minidumps are not enabled by default on client versions of Windows
#
# If you would like to submit a bug report, please visit:
#   http://bugreport.java.com/bugreport/crash.jsp
#

---------------  S U M M A R Y ------------

Command Line: -agentlib:jdwp=transport=dt_socket,address=127.0.0.1:4457,suspend=y,server=n -ea -Didea.test.cyclic.buffer.size=1048576 -Dfile.encoding=UTF-8 com.intellij.rt.execution.junit.JUnitStarter -ideVersion5 -junit5 parser.parsing.SAX.ParserSAXTest,fromJsonObjectUser

Host: Intel(R) Celeron(R) CPU  N3050  @ 1.60GHz, 2 cores, 3G,  Windows 10 , 64 bit Build 17134 (10.0.17134.1)
Time: Tue Jan 08 01:23:43 2019 RTZ 2 (ceia) elapsed time: 1855 seconds (0d 0h 30m 55s)

---------------  T H R E A D  ---------------

Current thread (0x0000026abe24d000):  VMThread "VM Thread" [stack: 0x000000bacbd00000,0x000000bacbe00000] [id=10976]

Stack: [0x000000bacbd00000,0x000000bacbe00000],  sp=0x000000bacbdfefc8,  free space=1019k
Native frames: (J=compiled Java code, j=interpreted, Vv=VM code, C=native code)
V  [jvm.dll+0x217984]


siginfo: EXCEPTION_ACCESS_VIOLATION (0xc0000005), reading address 0x0000026abf290db0


Register to memory mapping:

RIP=0x0000000053ac7984 jvm.dll
RAX=0x0000000000058020 is an unknown value
RBX=0x0000026abf237be8 is pointing into metadata
RCX=0x0000026abf238d80 is pointing into metadata
RDX=0x0000000000002c01 is an unknown value
RSP=0x000000bacbdfefc8 is an unknown value
RBP=0x0000000000000001 is an unknown value
RSI=0x000000bacbdff280 is an unknown value
RDI=0x000000bacbdff280 is an unknown value
R8 =0x0000000000000000 is an unknown value
R9 =0x0000026abf237be8 is pointing into metadata
R10=0x0000000000000001 is an unknown value
R11=0x0000026a9de254c4 is an unknown value
R12=0x000000bacbdff401 is an unknown value
R13=0x0000000000000000 is an unknown value
R14=0x0000000000000000 is an unknown value
R15=0x0000000000000028 is an unknown value


Registers:
RAX=0x0000000000058020, RBX=0x0000026abf237be8, RCX=0x0000026abf238d80, RDX=0x0000000000002c01
RSP=0x000000bacbdfefc8, RBP=0x0000000000000001, RSI=0x000000bacbdff280, RDI=0x000000bacbdff280
R8 =0x0000000000000000, R9 =0x0000026abf237be8, R10=0x0000000000000001, R11=0x0000026a9de254c4
R12=0x000000bacbdff401, R13=0x0000000000000000, R14=0x0000000000000000, R15=0x0000000000000028
RIP=0x0000000053ac7984, EFLAGS=0x0000000000010202

Top of Stack: (sp=0x000000bacbdfefc8)
0x000000bacbdfefc8:   0000000053ba3b43 000000bacbdff340
0x000000bacbdfefd8:   00007ffcc58370f9 0000026a9dd64ad0
0x000000bacbdfefe8:   0000026a9dd64060 000000bacbdff280
0x000000bacbdfeff8:   0000000053ba7195 0000026a9de25328
0x000000bacbdff008:   0000026a9de25328 000085b0c7b04753
0x000000bacbdff018:   000000bacbdff280 0000000000000001
0x000000bacbdff028:   000000bacbdff0c0 000000bacbdff280
0x000000bacbdff038:   0000000053ba5f0b 000000bacbdff280
0x000000bacbdff048:   000000000000001e 000000bacbdff0f0
0x000000bacbdff058:   0000000000000001 000000000000001e
0x000000bacbdff068:   000000bacbdff401 0000000000000028
0x000000bacbdff078:   000000000000002e 0000026a9de25238
0x000000bacbdff088:   0000000053ba654e 000000bacbdff280
0x000000bacbdff098:   000000bacbdff0f0 0000000000000001
0x000000bacbdff0a8:   0000026a9de25238 0000000000006000
0x000000bacbdff0b8:   0000000053ba8451 0000026abf238bf8 

Instructions: (pc=0x0000000053ac7984)
0x0000000053ac7964:   18 f7 d2 48 63 c2 48 c1 e0 05 48 8b 44 08 10 0f
0x0000000053ac7974:   b7 c0 41 0f b7 44 c1 4a c3 48 63 c2 48 c1 e0 05
0x0000000053ac7984:   48 8b 44 08 10 0f b7 d0 48 63 c2 41 0f b7 44 c1
0x0000000053ac7994:   4a c3 49 8b 41 08 48 63 ca 0f b6 44 08 04 3c 12 


VM_Operation (0x000000bacc6ff330): GetOrSetLocal, mode: safepoint, requested by thread 0x0000026abe589000


---------------  P R O C E S S  ---------------

Java Threads: ( => current thread )
  0x0000026abe5b4000 JavaThread "Service Thread" daemon [_thread_blocked, id=12320, stack(0x000000bacc900000,0x000000bacca00000)]
  0x0000026abe5a6800 JavaThread "JDWP Command Reader" daemon [_thread_in_native, id=6380, stack(0x000000bacc800000,0x000000bacc900000)]
  0x0000026abe5a1800 JavaThread "JDWP Event Helper Thread" daemon [_thread_blocked, id=13576, stack(0x000000bacc700000,0x000000bacc800000)]
  0x0000026abe589000 JavaThread "JDWP Transport Listener: dt_socket" daemon [_thread_blocked, id=10164, stack(0x000000bacc600000,0x000000bacc700000)]
  0x0000026abe337800 JavaThread "Common-Cleaner" daemon [_thread_blocked, id=5004, stack(0x000000bacc500000,0x000000bacc600000)]
  0x0000026abe321800 JavaThread "Sweeper thread" daemon [_thread_blocked, id=5596, stack(0x000000bacc400000,0x000000bacc500000)]
  0x0000026abe31a000 JavaThread "C1 CompilerThread1" daemon [_thread_blocked, id=11480, stack(0x000000bacc300000,0x000000bacc400000)]
  0x0000026abe2b6800 JavaThread "C2 CompilerThread0" daemon [_thread_blocked, id=3096, stack(0x000000bacc200000,0x000000bacc300000)]
  0x0000026abe261800 JavaThread "Attach Listener" daemon [_thread_blocked, id=12128, stack(0x000000bacc100000,0x000000bacc200000)]
  0x0000026abe2b1800 JavaThread "Signal Dispatcher" daemon [_thread_blocked, id=13748, stack(0x000000bacc000000,0x000000bacc100000)]
  0x0000026abe253800 JavaThread "Finalizer" daemon [_thread_blocked, id=10596, stack(0x000000bacbf00000,0x000000bacc000000)]
  0x0000026abe265800 JavaThread "Reference Handler" daemon [_thread_blocked, id=2736, stack(0x000000bacbe00000,0x000000bacbf00000)]
  0x0000026a9dd83000 JavaThread "main" [_thread_blocked, id=11128, stack(0x000000bacb500000,0x000000bacb600000)]

Other Threads:
=>0x0000026abe24d000 VMThread "VM Thread" [stack: 0x000000bacbd00000,0x000000bacbe00000] [id=10976]
  0x0000026abe5c3000 WatcherThread [stack: 0x000000bacca00000,0x000000baccb00000] [id=10140]
  0x0000026a9dd9c000 GCTaskThread "GC Thread#0" [stack: 0x000000bacb600000,0x000000bacb700000] [id=11684]
  0x0000026a9dd9d800 GCTaskThread "GC Thread#1" [stack: 0x000000bacb700000,0x000000bacb800000] [id=8212]
  0x0000026a9ddda800 ConcurrentGCThread "G1 Main Marker" [stack: 0x000000bacbb00000,0x000000bacbc00000] [id=1732]
  0x0000026a9dddc000 ConcurrentGCThread "G1 Marker#0" [stack: 0x000000bacbc00000,0x000000bacbd00000] [id=8664]
  0x0000026a9dda2000 ConcurrentGCThread "G1 Refine#0" [stack: 0x000000bacb900000,0x000000bacba00000] [id=7616]
  0x0000026a9dd9f800 ConcurrentGCThread "G1 Refine#1" [stack: 0x000000bacb800000,0x000000bacb900000] [id=1208]
  0x0000026a9dda3800 ConcurrentGCThread "G1 Young RemSet Sampling" [stack: 0x000000bacba00000,0x000000bacbb00000] [id=13004]

Threads with active compile tasks:

VM state:at safepoint (normal execution)

VM Mutex/Monitor currently owned by a thread:  ([mutex/lock_event])
[0x0000026a9dd81250] Threads_lock - owner thread: 0x0000026abe24d000

Heap address: 0x00000000c2400000, size: 988 MB, Compressed Oops mode: 32-bit
Narrow klass base: 0x0000000000000000, Narrow klass shift: 3
Compressed class space size: 1073741824 Address: 0x0000000100000000

Heap:
 garbage-first heap   total 63488K, used 3814K [0x00000000c2400000, 0x00000000c25001f0, 0x0000000100000000)
  region size 1024K, 3 young (3072K), 1 survivors (1024K)
 Metaspace       used 10154K, capacity 10838K, committed 10880K, reserved 1058816K
  class space    used 1037K, capacity 1150K, committed 1152K, reserved 1048576K
Heap Regions: E=young(eden), S=young(survivor), O=old, HS=humongous(starts), HC=humongous(continues), CS=collection set, F=free, A=archive, TS=gc time stamp, AC=allocation context, TAMS=top-at-mark-start (previous, next)
|   0|0x00000000c2400000, 0x00000000c2500000, 0x00000000c2500000|100%| O|  |TS  1|AC  0|TAMS 0x00000000c2400000, 0x00000000c2400000|
|   1|0x00000000c2500000, 0x00000000c2600000, 0x00000000c2600000|100%| O|  |TS  3|AC  0|TAMS 0x00000000c2500000, 0x00000000c2500000|
|   2|0x00000000c2600000, 0x00000000c262c400, 0x00000000c2700000| 17%| O|  |TS  3|AC  0|TAMS 0x00000000c2600000, 0x00000000c2600000|
|   3|0x00000000c2700000, 0x00000000c2700000, 0x00000000c2800000|  0%| F|  |TS  0|AC  0|TAMS 0x00000000c2700000, 0x00000000c2700000|
|   4|0x00000000c2800000, 0x00000000c2800000, 0x00000000c2900000|  0%| F|  |TS  0|AC  0|TAMS 0x00000000c2800000, 0x00000000c2800000|
|   5|0x00000000c2900000, 0x00000000c2900000, 0x00000000c2a00000|  0%| F|  |TS  0|AC  0|TAMS 0x00000000c2900000, 0x00000000c2900000|
|   6|0x00000000c2a00000, 0x00000000c2a00000, 0x00000000c2b00000|  0%| F|  |TS  0|AC  0|TAMS 0x00000000c2a00000, 0x00000000c2a00000|
|   7|0x00000000c2b00000, 0x00000000c2b00000, 0x00000000c2c00000|  0%| F|  |TS  0|AC  0|TAMS 0x00000000c2b00000, 0x00000000c2b00000|
|   8|0x00000000c2c00000, 0x00000000c2c00000, 0x00000000c2d00000|  0%| F|  |TS  0|AC  0|TAMS 0x00000000c2c00000, 0x00000000c2c00000|
|   9|0x00000000c2d00000, 0x00000000c2d00000, 0x00000000c2e00000|  0%| F|  |TS  0|AC  0|TAMS 0x00000000c2d00000, 0x00000000c2d00000|
|  10|0x00000000c2e00000, 0x00000000c2e00000, 0x00000000c2f00000|  0%| F|  |TS  0|AC  0|TAMS 0x00000000c2e00000, 0x00000000c2e00000|
|  11|0x00000000c2f00000, 0x00000000c2f00000, 0x00000000c3000000|  0%| F|  |TS  0|AC  0|TAMS 0x00000000c2f00000, 0x00000000c2f00000|
|  12|0x00000000c3000000, 0x00000000c3000000, 0x00000000c3100000|  0%| F|  |TS  0|AC  0|TAMS 0x00000000c3000000, 0x00000000c3000000|
|  13|0x00000000c3100000, 0x00000000c3100000, 0x00000000c3200000|  0%| F|  |TS  0|AC  0|TAMS 0x00000000c3100000, 0x00000000c3100000|
|  14|0x00000000c3200000, 0x00000000c3200000, 0x00000000c3300000|  0%| F|  |TS  0|AC  0|TAMS 0x00000000c3200000, 0x00000000c3200000|
|  15|0x00000000c3300000, 0x00000000c3300000, 0x00000000c3400000|  0%| F|  |TS  0|AC  0|TAMS 0x00000000c3300000, 0x00000000c3300000|
|  16|0x00000000c3400000, 0x00000000c3400000, 0x00000000c3500000|  0%| F|  |TS  0|AC  0|TAMS 0x00000000c3400000, 0x00000000c3400000|
|  17|0x00000000c3500000, 0x00000000c3500000, 0x00000000c3600000|  0%| F|  |TS  0|AC  0|TAMS 0x00000000c3500000, 0x00000000c3500000|
|  18|0x00000000c3600000, 0x00000000c3600000, 0x00000000c3700000|  0%| F|  |TS  0|AC  0|TAMS 0x00000000c3600000, 0x00000000c3600000|
|  19|0x00000000c3700000, 0x00000000c3700000, 0x00000000c3800000|  0%| F|  |TS  0|AC  0|TAMS 0x00000000c3700000, 0x00000000c3700000|
|  20|0x00000000c3800000, 0x00000000c3800000, 0x00000000c3900000|  0%| F|  |TS  0|AC  0|TAMS 0x00000000c3800000, 0x00000000c3800000|
|  21|0x00000000c3900000, 0x00000000c3900000, 0x00000000c3a00000|  0%| F|  |TS  0|AC  0|TAMS 0x00000000c3900000, 0x00000000c3900000|
|  22|0x00000000c3a00000, 0x00000000c3a00000, 0x00000000c3b00000|  0%| F|  |TS  0|AC  0|TAMS 0x00000000c3a00000, 0x00000000c3a00000|
|  23|0x00000000c3b00000, 0x00000000c3b00000, 0x00000000c3c00000|  0%| F|  |TS  0|AC  0|TAMS 0x00000000c3b00000, 0x00000000c3b00000|
|  24|0x00000000c3c00000, 0x00000000c3c00000, 0x00000000c3d00000|  0%| F|  |TS  0|AC  0|TAMS 0x00000000c3c00000, 0x00000000c3c00000|
|  25|0x00000000c3d00000, 0x00000000c3d00000, 0x00000000c3e00000|  0%| F|  |TS  0|AC  0|TAMS 0x00000000c3d00000, 0x00000000c3d00000|
|  26|0x00000000c3e00000, 0x00000000c3e00000, 0x00000000c3f00000|  0%| F|  |TS  0|AC  0|TAMS 0x00000000c3e00000, 0x00000000c3e00000|
|  27|0x00000000c3f00000, 0x00000000c3f00000, 0x00000000c4000000|  0%| F|  |TS  0|AC  0|TAMS 0x00000000c3f00000, 0x00000000c3f00000|
|  28|0x00000000c4000000, 0x00000000c4000000, 0x00000000c4100000|  0%| F|  |TS  0|AC  0|TAMS 0x00000000c4000000, 0x00000000c4000000|
|  29|0x00000000c4100000, 0x00000000c4100000, 0x00000000c4200000|  0%| F|  |TS  0|AC  0|TAMS 0x00000000c4100000, 0x00000000c4100000|
|  30|0x00000000c4200000, 0x00000000c4200000, 0x00000000c4300000|  0%| F|  |TS  0|AC  0|TAMS 0x00000000c4200000, 0x00000000c4200000|
|  31|0x00000000c4300000, 0x00000000c4300000, 0x00000000c4400000|  0%| F|  |TS  0|AC  0|TAMS 0x00000000c4300000, 0x00000000c4300000|
|  32|0x00000000c4400000, 0x00000000c4400000, 0x00000000c4500000|  0%| F|  |TS  0|AC  0|TAMS 0x00000000c4400000, 0x00000000c4400000|
|  33|0x00000000c4500000, 0x00000000c4500000, 0x00000000c4600000|  0%| F|  |TS  0|AC  0|TAMS 0x00000000c4500000, 0x00000000c4500000|
|  34|0x00000000c4600000, 0x00000000c4600000, 0x00000000c4700000|  0%| F|  |TS  0|AC  0|TAMS 0x00000000c4600000, 0x00000000c4600000|
|  35|0x00000000c4700000, 0x00000000c4700000, 0x00000000c4800000|  0%| F|  |TS  0|AC  0|TAMS 0x00000000c4700000, 0x00000000c4700000|
|  36|0x00000000c4800000, 0x00000000c4800000, 0x00000000c4900000|  0%| F|  |TS  0|AC  0|TAMS 0x00000000c4800000, 0x00000000c4800000|
|  37|0x00000000c4900000, 0x00000000c4900000, 0x00000000c4a00000|  0%| F|  |TS  0|AC  0|TAMS 0x00000000c4900000, 0x00000000c4900000|
|  38|0x00000000c4a00000, 0x00000000c4a00000, 0x00000000c4b00000|  0%| F|  |TS  0|AC  0|TAMS 0x00000000c4a00000, 0x00000000c4a00000|
|  39|0x00000000c4b00000, 0x00000000c4b00000, 0x00000000c4c00000|  0%| F|  |TS  0|AC  0|TAMS 0x00000000c4b00000, 0x00000000c4b00000|
|  40|0x00000000c4c00000, 0x00000000c4c00000, 0x00000000c4d00000|  0%| F|  |TS  0|AC  0|TAMS 0x00000000c4c00000, 0x00000000c4c00000|
|  41|0x00000000c4d00000, 0x00000000c4d00000, 0x00000000c4e00000|  0%| F|  |TS  0|AC  0|TAMS 0x00000000c4d00000, 0x00000000c4d00000|
|  42|0x00000000c4e00000, 0x00000000c4e00000, 0x00000000c4f00000|  0%| F|  |TS  0|AC  0|TAMS 0x00000000c4e00000, 0x00000000c4e00000|
|  43|0x00000000c4f00000, 0x00000000c4f00000, 0x00000000c5000000|  0%| F|  |TS  0|AC  0|TAMS 0x00000000c4f00000, 0x00000000c4f00000|
|  44|0x00000000c5000000, 0x00000000c5000000, 0x00000000c5100000|  0%| F|  |TS  0|AC  0|TAMS 0x00000000c5000000, 0x00000000c5000000|
|  45|0x00000000c5100000, 0x00000000c5100000, 0x00000000c5200000|  0%| F|  |TS  0|AC  0|TAMS 0x00000000c5100000, 0x00000000c5100000|
|  46|0x00000000c5200000, 0x00000000c5200000, 0x00000000c5300000|  0%| F|  |TS  0|AC  0|TAMS 0x00000000c5200000, 0x00000000c5200000|
|  47|0x00000000c5300000, 0x00000000c5300000, 0x00000000c5400000|  0%| F|  |TS  0|AC  0|TAMS 0x00000000c5300000, 0x00000000c5300000|
|  48|0x00000000c5400000, 0x00000000c5400000, 0x00000000c5500000|  0%| F|  |TS  0|AC  0|TAMS 0x00000000c5400000, 0x00000000c5400000|
|  49|0x00000000c5500000, 0x00000000c5500000, 0x00000000c5600000|  0%| F|  |TS  0|AC  0|TAMS 0x00000000c5500000, 0x00000000c5500000|
|  50|0x00000000c5600000, 0x00000000c5600000, 0x00000000c5700000|  0%| F|  |TS  0|AC  0|TAMS 0x00000000c5600000, 0x00000000c5600000|
|  51|0x00000000c5700000, 0x00000000c5700000, 0x00000000c5800000|  0%| F|  |TS  0|AC  0|TAMS 0x00000000c5700000, 0x00000000c5700000|
|  52|0x00000000c5800000, 0x00000000c5800000, 0x00000000c5900000|  0%| F|  |TS  0|AC  0|TAMS 0x00000000c5800000, 0x00000000c5800000|
|  53|0x00000000c5900000, 0x00000000c5900000, 0x00000000c5a00000|  0%| F|  |TS  0|AC  0|TAMS 0x00000000c5900000, 0x00000000c5900000|
|  54|0x00000000c5a00000, 0x00000000c5a00000, 0x00000000c5b00000|  0%| F|  |TS  3|AC  0|TAMS 0x00000000c5a00000, 0x00000000c5a00000|
|  55|0x00000000c5b00000, 0x00000000c5b00000, 0x00000000c5c00000|  0%| F|  |TS  1|AC  0|TAMS 0x00000000c5b00000, 0x00000000c5b00000|
|  56|0x00000000c5c00000, 0x00000000c5c00000, 0x00000000c5d00000|  0%| F|  |TS  1|AC  0|TAMS 0x00000000c5c00000, 0x00000000c5c00000|
|  57|0x00000000c5d00000, 0x00000000c5d00000, 0x00000000c5e00000|  0%| F|  |TS  1|AC  0|TAMS 0x00000000c5d00000, 0x00000000c5d00000|
|  58|0x00000000c5e00000, 0x00000000c5e8d4e0, 0x00000000c5f00000| 55%| S|CS|TS  3|AC  0|TAMS 0x00000000c5e00000, 0x00000000c5e00000|
|  59|0x00000000c5f00000, 0x00000000c5f00000, 0x00000000c6000000|  0%| F|  |TS  3|AC  0|TAMS 0x00000000c5f00000, 0x00000000c5f00000|
|  60|0x00000000c6000000, 0x00000000c60af4d0, 0x00000000c6100000| 68%| E|  |TS  3|AC  0|TAMS 0x00000000c6000000, 0x00000000c6000000|
|  61|0x00000000c6100000, 0x00000000c6200000, 0x00000000c6200000|100%| E|CS|TS  3|AC  0|TAMS 0x00000000c6100000, 0x00000000c6100000|

Card table byte_map: [0x0000026ab9410000,0x0000026ab9600000] byte_map_base: 0x0000026ab8dfe000

Marking Bits (Prev, Next): (CMBitMap*) 0x0000026a9ddd9f80, (CMBitMap*) 0x0000026a9ddd9fb8
 Prev Bits: [0x0000026ab97f0000, 0x0000026aba760000)
 Next Bits: [0x0000026aba760000, 0x0000026abb6d0000)

Polling page: 0x0000026a9dc70000

CodeHeap 'non-profiled nmethods': size=120064Kb used=326Kb max_used=326Kb free=119737Kb
 bounds [0x0000026ab16f0000, 0x0000026ab1960000, 0x0000026ab8c30000]
CodeHeap 'profiled nmethods': size=120000Kb used=1980Kb max_used=1980Kb free=118019Kb
 bounds [0x0000026aaa1c0000, 0x0000026aaa430000, 0x0000026ab16f0000]
CodeHeap 'non-nmethods': size=5696Kb used=1201Kb max_used=1217Kb free=4494Kb
 bounds [0x0000026aa9c30000, 0x0000026aa9ea0000, 0x0000026aaa1c0000]
 total_blobs=1520 nmethods=997 adapters=264
 compilation: enabled

Compilation events (10 events):
Event: 8.284 Thread 0x0000026abe31a000  994       3       java.util.zip.ZipUtils::LOCNAM (7 bytes)
Event: 8.284 Thread 0x0000026abe31a000 nmethod 994 0x0000026aaa3ae090 code [0x0000026aaa3ae240, 0x0000026aaa3ae438]
Event: 8.285 Thread 0x0000026abe31a000  995       3       java.util.zip.ZipUtils::LOCEXT (7 bytes)
Event: 8.285 Thread 0x0000026abe31a000 nmethod 995 0x0000026aaa3ae590 code [0x0000026aaa3ae740, 0x0000026aaa3ae938]
Event: 8.286 Thread 0x0000026abe31a000  996       3       java.io.FilterInputStream::<init> (10 bytes)
Event: 8.287 Thread 0x0000026abe31a000 nmethod 996 0x0000026aaa3aea90 code [0x0000026aaa3aec40, 0x0000026aaa3aeed8]
Event: 8.289 Thread 0x0000026abe2b6800  997       4       java.lang.AbstractStringBuilder::<init> (39 bytes)
Event: 8.293 Thread 0x0000026abe2b6800 nmethod 997 0x0000026ab1741690 code [0x0000026ab1741820, 0x0000026ab1741a38]
Event: 8.296 Thread 0x0000026abe31a000  998       3       java.lang.ref.Reference::reachabilityFence (1 bytes)
Event: 8.296 Thread 0x0000026abe31a000 nmethod 998 0x0000026aaa3af010 code [0x0000026aaa3af1c0, 0x0000026aaa3af2f8]

GC Heap History (4 events):
Event: 6.535 GC heap before
{Heap before GC invocations=0 (full 0):
 garbage-first heap   total 63488K, used 7168K [0x00000000c2400000, 0x00000000c25001f0, 0x0000000100000000)
  region size 1024K, 7 young (7168K), 0 survivors (0K)
 Metaspace       used 9012K, capacity 9402K, committed 9728K, reserved 1058816K
  class space    used 873K, capacity 970K, committed 1024K, reserved 1048576K
}
Event: 6.550 GC heap after
{Heap after GC invocations=1 (full 0):
 garbage-first heap   total 63488K, used 2195K [0x00000000c2400000, 0x00000000c25001f0, 0x0000000100000000)
  region size 1024K, 1 young (1024K), 1 survivors (1024K)
 Metaspace       used 9012K, capacity 9402K, committed 9728K, reserved 1058816K
  class space    used 873K, capacity 970K, committed 1024K, reserved 1048576K
}
Event: 7.758 GC heap before
{Heap before GC invocations=1 (full 0):
 garbage-first heap   total 63488K, used 5267K [0x00000000c2400000, 0x00000000c25001f0, 0x0000000100000000)
  region size 1024K, 4 young (4096K), 1 survivors (1024K)
 Metaspace       used 9688K, capacity 10258K, committed 10368K, reserved 1058816K
  class space    used 971K, capacity 1072K, committed 1152K, reserved 1048576K
}
Event: 7.768 GC heap after
{Heap after GC invocations=2 (full 0):
 garbage-first heap   total 63488K, used 2790K [0x00000000c2400000, 0x00000000c25001f0, 0x0000000100000000)
  region size 1024K, 1 young (1024K), 1 survivors (1024K)
 Metaspace       used 9688K, capacity 10258K, committed 10368K, reserved 1058816K
  class space    used 971K, capacity 1072K, committed 1152K, reserved 1048576K
}

Deoptimization events (7 events):
Event: 0.843 Thread 0x0000026a9dd83000 Uncommon trap: reason=range_check action=reinterpret pc=0x0000026ab16f3c90 method=java.lang.StringLatin1.indexOf([BII)I @ 13 c2
Event: 2.725 Thread 0x0000026a9dd83000 Uncommon trap: reason=unstable_if action=reinterpret pc=0x0000026ab16f32fc method=java.lang.String.charAt(I)C @ 4 c2
Event: 6.532 Thread 0x0000026a9dd83000 Uncommon trap: reason=class_check action=maybe_recompile pc=0x0000026ab1728f98 method=java.util.HashMap.putVal(ILjava/lang/Object;Ljava/lang/Object;ZZ)Ljava/lang/Object; @ 91 c2
Event: 6.557 Thread 0x0000026a9dd83000 Uncommon trap: reason=unstable_if action=reinterpret pc=0x0000026ab1729ae8 method=java.util.HashMap.getNode(ILjava/lang/Object;)Ljava/util/HashMap$Node; @ 129 c2
Event: 6.675 Thread 0x0000026a9dd83000 Uncommon trap: reason=class_check action=maybe_recompile pc=0x0000026ab1728f98 method=java.util.HashMap.putVal(ILjava/lang/Object;Ljava/lang/Object;ZZ)Ljava/lang/Object; @ 91 c2
Event: 6.764 Thread 0x0000026a9dd83000 Uncommon trap: reason=class_check action=maybe_recompile pc=0x0000026ab1728f98 method=java.util.HashMap.putVal(ILjava/lang/Object;Ljava/lang/Object;ZZ)Ljava/lang/Object; @ 91 c2
Event: 6.765 Thread 0x0000026a9dd83000 Uncommon trap: reason=class_check action=maybe_recompile pc=0x0000026ab1728f98 method=java.util.HashMap.putVal(ILjava/lang/Object;Ljava/lang/Object;ZZ)Ljava/lang/Object; @ 91 c2

Classes redefined (7 events):
Event: 564.472 Thread 0x0000026abe24d000 redefined class name=parser.parsing.SAX.JsonParserSax, count=1
Event: 675.917 Thread 0x0000026abe24d000 redefined class name=parser.parsing.SAX.JsonParserSax, count=2
Event: 803.010 Thread 0x0000026abe24d000 redefined class name=parser.parsing.SAX.JsonParserSax, count=3
Event: 960.110 Thread 0x0000026abe24d000 redefined class name=parser.parsing.SAX.JsonParserSax, count=4
Event: 1509.375 Thread 0x0000026abe24d000 redefined class name=parser.parsing.SAX.JsonParserSax, count=5
Event: 1615.353 Thread 0x0000026abe24d000 redefined class name=parser.parsing.SAX.JsonParserSax, count=6
Event: 1854.961 Thread 0x0000026abe24d000 redefined class name=parser.parsing.SAX.JsonParserSax, count=7

Internal exceptions (10 events):
Event: 6.783 Thread 0x0000026a9dd83000 Exception <a 'java/lang/IncompatibleClassChangeError'{0x00000000c6189810}: Found class java.lang.Object, but interface was expected> (0x00000000c6189810) thrown at [t:/workspace/hotspot/src/share/vm/interpreter/linkResolver.cpp, line 793]
Event: 6.788 Thread 0x0000026a9dd83000 Exception <a 'java/lang/NoSuchMethodError'{0x00000000c618f980}: java.lang.Object.lambda$accept$0(Lorg/junit/platform/engine/TestDescriptor$Visitor;Lorg/junit/platform/engine/TestDescriptor;)V> (0x00000000c618f980) thrown at [t:/workspace/hotspot/src/share
Event: 6.792 Thread 0x0000026a9dd83000 Exception <a 'java/lang/NoSuchMethodError'{0x00000000c6197ee0}: java.lang.Object.containsTests(Lorg/junit/platform/engine/TestDescriptor;)Z> (0x00000000c6197ee0) thrown at [t:/workspace/hotspot/src/share/vm/interpreter/linkResolver.cpp, line 731]
Event: 7.150 Thread 0x0000026a9dd83000 Exception <a 'java/lang/NoSuchMethodError'{0x00000000c60435f0}: java.lang.Object.lambda$adaptFilter$0(Lorg/junit/platform/engine/Filter;Ljava/util/function/Function;Ljava/lang/Object;)Lorg/junit/platform/engine/FilterResult;> (0x00000000c60435f0) thrown a
Event: 7.155 Thread 0x0000026a9dd83000 Exception <a 'java/lang/NoSuchMethodError'{0x00000000c604cc10}: java.lang.invoke.DirectMethodHandle$Holder.invokeSpecial(Ljava/lang/Object;Ljava/lang/Object;Ljava/lang/Object;Ljava/lang/Object;)V> (0x00000000c604cc10) thrown at [t:/workspace/hotspot/src/s
Event: 7.161 Thread 0x0000026a9dd83000 Exception <a 'java/lang/NoSuchMethodError'{0x00000000c60533b0}: java.lang.Object.lambda$toPredicate$1(Ljava/lang/Object;)Z> (0x00000000c60533b0) thrown at [t:/workspace/hotspot/src/share/vm/interpreter/linkResolver.cpp, line 731]
Event: 7.163 Thread 0x0000026a9dd83000 Exception <a 'java/lang/NoSuchMethodError'{0x00000000c6055d58}: java.lang.Object.lambda$and$0(Ljava/util/function/Predicate;Ljava/lang/Object;)Z> (0x00000000c6055d58) thrown at [t:/workspace/hotspot/src/share/vm/interpreter/linkResolver.cpp, line 731]
Event: 7.365 Thread 0x0000026a9dd83000 Exception <a 'java/lang/NoSuchMethodError'{0x00000000c60f5748}: java.lang.invoke.DirectMethodHandle$Holder.invokeInterface(Ljava/lang/Object;Ljava/lang/Object;Ljava/lang/Object;)V> (0x00000000c60f5748) thrown at [t:/workspace/hotspot/src/share/vm/interpre
Event: 7.877 Thread 0x0000026a9dd83000 Exception <a 'java/lang/NoSuchMethodError'{0x00000000c615c670}: method resolution failed> (0x00000000c615c670) thrown at [t:/workspace/hotspot/src/share/vm/prims/methodHandles.cpp, line 1256]
Event: 7.983 Thread 0x0000026a9dd83000 Exception <a 'java/lang/NoSuchMethodError'{0x00000000c61b2c78}: java.lang.Object.lambda$andThen$1(Ljava/util/function/Function;Ljava/lang/Object;)Ljava/lang/Object;> (0x00000000c61b2c78) thrown at [t:/workspace/hotspot/src/share/vm/interpreter/linkResolve

Events (10 events):
Event: 1854.964 Executing VM operation: RedefineClasses done
Event: 1854.969 Executing VM operation: GetFrameCount
Event: 1854.969 Executing VM operation: GetFrameCount done
Event: 1854.970 Executing VM operation: GetFrameCount
Event: 1854.970 Executing VM operation: GetFrameCount done
Event: 1854.970 Executing VM operation: GetFrameLocation
Event: 1854.970 Executing VM operation: GetFrameLocation done
Event: 1854.973 Executing VM operation: GetFrameLocation
Event: 1854.973 Executing VM operation: GetFrameLocation done
Event: 1854.973 Executing VM operation: GetOrSetLocal


Dynamic libraries:
0x00007ff7218a0000 - 0x00007ff7218de000 	C:\Program Files\Java\jdk-9.0.1\bin\java.exe
0x00007ffcff100000 - 0x00007ffcff2e1000 	C:\WINDOWS\SYSTEM32\ntdll.dll
0x00007ffcfc730000 - 0x00007ffcfc7e2000 	C:\WINDOWS\System32\KERNEL32.DLL
0x00007ffcfb5a0000 - 0x00007ffcfb813000 	C:\WINDOWS\System32\KERNELBASE.dll
0x00007ffcfee90000 - 0x00007ffcfef31000 	C:\WINDOWS\System32\ADVAPI32.dll
0x00007ffcfece0000 - 0x00007ffcfed7e000 	C:\WINDOWS\System32\msvcrt.dll
0x00007ffcfe720000 - 0x00007ffcfe77b000 	C:\WINDOWS\System32\sechost.dll
0x00007ffcfcd00000 - 0x00007ffcfce24000 	C:\WINDOWS\System32\RPCRT4.dll
0x00007ffcfe790000 - 0x00007ffcfe920000 	C:\WINDOWS\System32\USER32.dll
0x00007ffcfb4d0000 - 0x00007ffcfb4f0000 	C:\WINDOWS\System32\win32u.dll
0x00007ffcfef40000 - 0x00007ffcfef68000 	C:\WINDOWS\System32\GDI32.dll
0x00007ffcfc0b0000 - 0x00007ffcfc242000 	C:\WINDOWS\System32\gdi32full.dll
0x00007ffcfc250000 - 0x00007ffcfc2ef000 	C:\WINDOWS\System32\msvcp_win.dll
0x00007ffcfbfb0000 - 0x00007ffcfc0aa000 	C:\WINDOWS\System32\ucrtbase.dll
0x00007ffcec180000 - 0x00007ffcec3e9000 	C:\WINDOWS\WinSxS\amd64_microsoft.windows.common-controls_6595b64144ccf1df_6.0.17134.472_none_fb3f9af53068156d\COMCTL32.dll
0x00007ffcfe9b0000 - 0x00007ffcfecd2000 	C:\WINDOWS\System32\combase.dll
0x00007ffcfbf30000 - 0x00007ffcfbfaa000 	C:\WINDOWS\System32\bcryptPrimitives.dll
0x00007ffcea300000 - 0x00007ffcea30a000 	C:\WINDOWS\SYSTEM32\VERSION.dll
0x00007ffcfcc40000 - 0x00007ffcfcc6d000 	C:\WINDOWS\System32\IMM32.DLL
0x00007ffcc5810000 - 0x00007ffcc58ff000 	C:\Program Files\Java\jdk-9.0.1\bin\msvcr120.dll
0x00007ffcc5520000 - 0x00007ffcc55c6000 	C:\Program Files\Java\jdk-9.0.1\bin\msvcp120.dll
0x00000000538b0000 - 0x00000000542d4000 	C:\Program Files\Java\jdk-9.0.1\bin\server\jvm.dll
0x00007ffcfe780000 - 0x00007ffcfe788000 	C:\WINDOWS\System32\PSAPI.DLL
0x00007ffcfa040000 - 0x00007ffcfa049000 	C:\WINDOWS\SYSTEM32\WSOCK32.dll
0x00007ffcfee20000 - 0x00007ffcfee8c000 	C:\WINDOWS\System32\WS2_32.dll
0x00007ffcf93d0000 - 0x00007ffcf93f3000 	C:\WINDOWS\SYSTEM32\WINMM.dll
0x00007ffcf93a0000 - 0x00007ffcf93ca000 	C:\WINDOWS\SYSTEM32\WINMMBASE.dll
0x00007ffcfc540000 - 0x00007ffcfc589000 	C:\WINDOWS\System32\cfgmgr32.dll
0x00007ffcf7100000 - 0x00007ffcf710f000 	C:\Program Files\Java\jdk-9.0.1\bin\verify.dll
0x00007ffcf7070000 - 0x00007ffcf7097000 	C:\Program Files\Java\jdk-9.0.1\bin\java.dll
0x00007ffcc5370000 - 0x00007ffcc53a6000 	C:\Program Files\Java\jdk-9.0.1\bin\jdwp.dll
0x00007ffcf7050000 - 0x00007ffcf7066000 	C:\Program Files\Java\jdk-9.0.1\bin\zip.dll
0x00007ffcf70e0000 - 0x00007ffcf70ea000 	C:\Program Files\Java\jdk-9.0.1\bin\jimage.dll
0x00007ffcfd210000 - 0x00007ffcfe650000 	C:\WINDOWS\System32\SHELL32.dll
0x00007ffcfce30000 - 0x00007ffcfced9000 	C:\WINDOWS\System32\shcore.dll
0x00007ffcfb820000 - 0x00007ffcfbf2d000 	C:\WINDOWS\System32\windows.storage.dll
0x00007ffcfcee0000 - 0x00007ffcfcf31000 	C:\WINDOWS\System32\shlwapi.dll
0x00007ffcfb490000 - 0x00007ffcfb4a1000 	C:\WINDOWS\System32\kernel.appcore.dll
0x00007ffcfb4b0000 - 0x00007ffcfb4cf000 	C:\WINDOWS\System32\profapi.dll
0x00007ffcfb410000 - 0x00007ffcfb45c000 	C:\WINDOWS\System32\powrprof.dll
0x00007ffcfb460000 - 0x00007ffcfb46a000 	C:\WINDOWS\System32\FLTLIB.DLL
0x00007ffcf3d90000 - 0x00007ffcf3daa000 	C:\Program Files\Java\jdk-9.0.1\bin\net.dll
0x00007ffced620000 - 0x00007ffced6fd000 	C:\WINDOWS\SYSTEM32\WINHTTP.dll
0x00007ffcfac30000 - 0x00007ffcfac96000 	C:\WINDOWS\system32\mswsock.dll
0x00007ffcee000000 - 0x00007ffcee011000 	C:\Program Files\Java\jdk-9.0.1\bin\nio.dll
0x00007ffcd06e0000 - 0x00007ffcd06ea000 	C:\Program Files\Java\jdk-9.0.1\bin\dt_socket.dll
0x00007ffcf9e50000 - 0x00007ffcfa019000 	C:\WINDOWS\SYSTEM32\dbghelp.dll

VM Arguments:
jvm_args: -agentlib:jdwp=transport=dt_socket,address=127.0.0.1:4457,suspend=y,server=n -ea -Didea.test.cyclic.buffer.size=1048576 -Dfile.encoding=UTF-8 
java_command: com.intellij.rt.execution.junit.JUnitStarter -ideVersion5 -junit5 parser.parsing.SAX.ParserSAXTest,fromJsonObjectUser
java_class_path (initial): C:\Program Files\JetBrains\IntelliJ IDEA Community Edition 2017.2.6\lib\idea_rt.jar;C:\Program Files\JetBrains\IntelliJ IDEA Community Edition 2017.2.6\plugins\junit\lib\junit-rt.jar;C:\Program Files\JetBrains\IntelliJ IDEA Community Edition 2017.2.6\plugins\junit\lib\junit5-rt.jar;C:\netcracker\jsonparser\target\test-classes;C:\netcracker\jsonparser\target\classes;C:\Users\User\.m2\repository\junit\junit\4.12\junit-4.12.jar;C:\Users\User\.m2\repository\org\hamcrest\hamcrest-core\1.3\hamcrest-core-1.3.jar;C:\Users\User\.m2\repository\org\junit\jupiter\junit-jupiter-api\5.3.0-RC1\junit-jupiter-api-5.3.0-RC1.jar;C:\Users\User\.m2\repository\org\apiguardian\apiguardian-api\1.0.0\apiguardian-api-1.0.0.jar;C:\Users\User\.m2\repository\org\opentest4j\opentest4j\1.1.0\opentest4j-1.1.0.jar;C:\Users\User\.m2\repository\org\junit\platform\junit-platform-commons\1.3.0-RC1\junit-platform-commons-1.3.0-RC1.jar;C:\Program Files\JetBrains\IntelliJ IDEA Community Edition 2017.2.6\plugins\junit\lib\junit-jupiter-engine-5.0.0.jar;C:\Program Files\JetBrains\IntelliJ IDEA Community Edition 2017.2.6\plugins\junit\lib\junit-platform-engine-1.0.0.jar;C:\Program Files\JetBrains\IntelliJ IDEA Community Edition 2017.2.6\plugins\junit\lib\junit-platform-launcher-1.0.0.jar;C:\Program Files\JetBrains\IntelliJ IDEA Community Edition 2017.2.6\plugins\junit\lib\junit-vintage-engine-4.12.0.jar
Launcher Type: SUN_STANDARD

Logging:
Log output configuration:
#0: stdout all=warning uptime,level,tags
#1: stderr all=off uptime,level,tags

Environment Variables:
JAVA_HOME=C:\Program Files\Java\jdk-9.0.1
JRE_HOME=C:\Program Files\Java\jre-9.0.1
PATH=C:\watcom-1.3\binnt;C:\watcom-1.3\binw;C:\oracle\product\12.2.0\dbhome_1\bin;C:\oraclebase12c\product\12.2.0\dbhome_1\bin;C:\ProgramData\Oracle\Java\javapath;C:\Program Files (x86)\Borland\Delphi7\Projects\Bpl;C:\Program Files (x86)\Borland\Delphi7\Bin;C:\Program Files (x86)\Borland\Delphi7\Projects\Bpl\;C:\Program Files (x86)\Intel\TXE Components\TCS\;C:\Program Files\Intel\TXE Components\TCS\;C:\WINDOWS\system32;C:\WINDOWS;C:\WINDOWS\System32\Wbem;C:\WINDOWS\System32\WindowsPowerShell\v1.0\;C:\Program Files\Intel\TXE Components\DAL\;C:\Program Files (x86)\Intel\TXE Components\DAL\;C:\Program Files\Intel\TXE Components\IPT\;C:\Program Files (x86)\Intel\TXE Components\IPT\;C:\Program Files (x86)\Delphi 10 Lite\bin;C:\WINDOWS\system32\config\systemprofile\.dnx\bin;C:\Program Files\Microsoft DNX\Dnvm\;C:\Program Files (x86)\Microsoft SDKs\TypeScript\1.0\;C:\WINDOWS\System32\OpenSSH\;C:\Program Files\Git\cmd;C:\Program Files\Microsoft SQL Server\Client SDK\ODBC\130\Tools\Binn\;C:\Program Files (x86)\Microsoft SQL Server\140\Tools\Binn\;C:\Program Files\Microsoft SQL Server\140\Tools\Binn\;C:\Program Files\Microsoft SQL Server\140\DTS\Binn\;C:\Program Files\Microsoft SQL Server\130\Tools\Binn\;C:\Program Files (x86)\Microsoft SQL Server\150\DTS\Binn\;C:\Program Files\dotnet\;C:\Ruby25-x64\bin;C:\Program Files\Ruby25-x64\bin;C:\Users\User\AppData\Local\Programs\Python\Python37-32\Scripts\;C:\Users\User\AppData\Local\Programs\Python\Python37-32\;C:\Users\User\Documents\Borland Studio Projects\Bpl;C:\Users\User\AppData\Local\Microsoft\WindowsApps;C:\ProgsForJava\mav\maven\bin;C:\Program Files\Java\jdk-9.0.1\bin;C:\Program Files\Java\jdk-9.0.1\lib;C:\Program Files (x86)\Graphviz2.38\bin;
USERNAME=User
OS=Windows_NT
PROCESSOR_IDENTIFIER=Intel64 Family 6 Model 76 Stepping 3, GenuineIntel



---------------  S Y S T E M  ---------------

OS: Windows 10 , 64 bit Build 17134 (10.0.17134.1)

CPU:total 2 (initial active 2) (2 cores per cpu, 1 threads per core) family 6 model 76 stepping 3, cmov, cx8, fxsr, mmx, sse, sse2, sse3, ssse3, sse4.1, sse4.2, popcnt, aes, clmul, erms, 3dnowpref, tsc, tscinvbit

Memory: 4k page, physical 4042116k(678644k free), swap 10112396k(2258392k free)

vm_info: Java HotSpot(TM) 64-Bit Server VM (9.0.1+11) for windows-amd64 JRE (9.0.1+11), built on Sep 28 2017 04:54:03 by "mach5one" with MS VC++ 12.0 (VS2013)

END.
