#
# A fatal error has been detected by the Java Runtime Environment:
#
#  EXCEPTION_ACCESS_VIOLATION (0xc0000005) at pc=0x0000000053ba3b5c, pid=5080, tid=12112
#
# JRE version: Java(TM) SE Runtime Environment (9.0+11) (build 9.0.1+11)
# Java VM: Java HotSpot(TM) 64-Bit Server VM (9.0.1+11, mixed mode, tiered, compressed oops, g1 gc, windows-amd64)
# Problematic frame:
# V  [jvm.dll+0x2f3b5c]
#
# No core dump will be written. Minidumps are not enabled by default on client versions of Windows
#
# If you would like to submit a bug report, please visit:
#   http://bugreport.java.com/bugreport/crash.jsp
#

---------------  S U M M A R Y ------------

Command Line: -agentlib:jdwp=transport=dt_socket,address=127.0.0.1:3661,suspend=y,server=n -ea -Didea.test.cyclic.buffer.size=1048576 -Dfile.encoding=UTF-8 com.intellij.rt.execution.junit.JUnitStarter -ideVersion5 -junit5 parser.parsing.SAX.ParserSAXTest,fromJsonObjectUser

Host: Intel(R) Celeron(R) CPU  N3050  @ 1.60GHz, 2 cores, 3G,  Windows 10 , 64 bit Build 17134 (10.0.17134.1)
Time: Tue Jan 08 01:23:47 2019 RTZ 2 (ceia) elapsed time: 4150 seconds (0d 1h 9m 10s)

---------------  T H R E A D  ---------------

Current thread (0x000001d98fa6d000):  VMThread "VM Thread" [stack: 0x00000020f8b00000,0x00000020f8c00000] [id=12112]

Stack: [0x00000020f8b00000,0x00000020f8c00000],  sp=0x00000020f8bfec40,  free space=1019k
Native frames: (J=compiled Java code, j=interpreted, Vv=VM code, C=native code)
V  [jvm.dll+0x2f3b5c]
V  [jvm.dll+0x2f5f0b]
V  [jvm.dll+0x2f654e]
V  [jvm.dll+0x2f3d05]
V  [jvm.dll+0x2f3173]
V  [jvm.dll+0x57845f]
V  [jvm.dll+0x57876c]
V  [jvm.dll+0x578613]
V  [jvm.dll+0x578e0c]
V  [jvm.dll+0x546f8a]
V  [jvm.dll+0x465261]
V  [jvm.dll+0x6a34eb]
V  [jvm.dll+0x6a1c85]
V  [jvm.dll+0x6a2461]
V  [jvm.dll+0x6a274c]
V  [jvm.dll+0x5864e0]
C  [msvcr120.dll+0x24f7f]
C  [msvcr120.dll+0x25126]
C  [KERNEL32.DLL+0x13034]
C  [ntdll.dll+0x73691]


siginfo: EXCEPTION_ACCESS_VIOLATION (0xc0000005), reading address 0x0000000000000006


Register to memory mapping:

RIP=0x0000000053ba3b5c jvm.dll
RAX=0x0000000000000000 is an unknown value
RBX=0x000001d990a66be0 is pointing into metadata
RCX=0x0000000000000000 is an unknown value
RDX=0x0000000000000000 is an unknown value
RSP=0x00000020f8bfec40 is an unknown value
RBP=0x0000000000000001 is an unknown value
RSI=0x00000000542066d8 jvm.dll
RDI=0x00000020f8bfeef0 is an unknown value
R8 =0x0000000000000000 is an unknown value
R9 =0x000001d990a66be0 is pointing into metadata
R10=0x0000000000000001 is an unknown value
R11=0x000001d9ef4f5464 is an unknown value
R12=0x00000020f8bff101 is an unknown value
R13=0x0000000000000000 is an unknown value
R14=0x0000000000000000 is an unknown value
R15=0x0000000000000028 is an unknown value


Registers:
RAX=0x0000000000000000, RBX=0x000001d990a66be0, RCX=0x0000000000000000, RDX=0x0000000000000000
RSP=0x00000020f8bfec40, RBP=0x0000000000000001, RSI=0x00000000542066d8, RDI=0x00000020f8bfeef0
R8 =0x0000000000000000, R9 =0x000001d990a66be0, R10=0x0000000000000001, R11=0x000001d9ef4f5464
R12=0x00000020f8bff101, R13=0x0000000000000000, R14=0x0000000000000000, R15=0x0000000000000028
RIP=0x0000000053ba3b5c, EFLAGS=0x0000000000010202

Top of Stack: (sp=0x00000020f8bfec40)
0x00000020f8bfec40:   00000020f8bfefb0 00007ffcc58370f9
0x00000020f8bfec50:   000001d9ef4325b0 000001d9ef4333a0
0x00000020f8bfec60:   00000020f8bfeef0 0000000053ba7195
0x00000020f8bfec70:   000001d9ef4f52c8 000001d9ef4f52c8
0x00000020f8bfec80:   000097810f2690b2 00000020f8bfeef0
0x00000020f8bfec90:   0000000000000001 00000020f8bfed30
0x00000020f8bfeca0:   00000020f8bfeef0 0000000053ba5f0b
0x00000020f8bfecb0:   00000020f8bfeef0 000000000000001e
0x00000020f8bfecc0:   00000020f8bfed60 0000000000000001
0x00000020f8bfecd0:   000000000000001e 00000020f8bff101
0x00000020f8bfece0:   0000000000000028 000000000000002e
0x00000020f8bfecf0:   000001d9ef4f51d8 0000000053ba654e
0x00000020f8bfed00:   00000020f8bfeef0 00000020f8bfed60
0x00000020f8bfed10:   0000000000000001 000001d9ef4f51d8
0x00000020f8bfed20:   0000000000006000 0000000053ba8451
0x00000020f8bfed30:   000001d990a67bb0 000001d98fa6d000 

Instructions: (pc=0x0000000053ba3b5c)
0x0000000053ba3b3c:   8b cb e8 0d 3e f2 ff 48 8b cb 8b d0 e8 f3 5f f2
0x0000000053ba3b4c:   ff 48 8d 35 84 2b 66 00 48 63 c8 48 8b 44 cb 48
0x0000000053ba3b5c:   0f b6 48 06 8b 05 6e 2b 66 00 80 f9 4c 74 2b 80
0x0000000053ba3b6c:   f9 5b 74 26 80 f9 4a 74 18 80 f9 44 74 13 48 8d 


VM_Operation (0x00000020f94ff660): GetOrSetLocal, mode: safepoint, requested by thread 0x000001d98fe08000


---------------  P R O C E S S  ---------------

Java Threads: ( => current thread )
  0x000001d98fe1f000 JavaThread "Service Thread" daemon [_thread_blocked, id=9772, stack(0x00000020f9700000,0x00000020f9800000)]
  0x000001d98fe0f000 JavaThread "JDWP Command Reader" daemon [_thread_in_native, id=10936, stack(0x00000020f9600000,0x00000020f9700000)]
  0x000001d98fdf6000 JavaThread "JDWP Event Helper Thread" daemon [_thread_blocked, id=2732, stack(0x00000020f9500000,0x00000020f9600000)]
  0x000001d98fe08000 JavaThread "JDWP Transport Listener: dt_socket" daemon [_thread_blocked, id=12544, stack(0x00000020f9400000,0x00000020f9500000)]
  0x000001d98fb5a000 JavaThread "Common-Cleaner" daemon [_thread_blocked, id=13608, stack(0x00000020f9300000,0x00000020f9400000)]
  0x000001d98fb40000 JavaThread "Sweeper thread" daemon [_thread_blocked, id=9292, stack(0x00000020f9200000,0x00000020f9300000)]
  0x000001d98fad7000 JavaThread "C1 CompilerThread1" daemon [_thread_blocked, id=12504, stack(0x00000020f9100000,0x00000020f9200000)]
  0x000001d98fad0800 JavaThread "C2 CompilerThread0" daemon [_thread_blocked, id=9684, stack(0x00000020f9000000,0x00000020f9100000)]
  0x000001d98facf800 JavaThread "Attach Listener" daemon [_thread_blocked, id=640, stack(0x00000020f8f00000,0x00000020f9000000)]
  0x000001d98fa7d800 JavaThread "Signal Dispatcher" daemon [_thread_blocked, id=10440, stack(0x00000020f8e00000,0x00000020f8f00000)]
  0x000001d98fa70000 JavaThread "Finalizer" daemon [_thread_blocked, id=2644, stack(0x00000020f8d00000,0x00000020f8e00000)]
  0x000001d98fa82000 JavaThread "Reference Handler" daemon [_thread_blocked, id=12380, stack(0x00000020f8c00000,0x00000020f8d00000)]
  0x000001d9ef453000 JavaThread "main" [_thread_blocked, id=13332, stack(0x00000020f8300000,0x00000020f8400000)]

Other Threads:
=>0x000001d98fa6d000 VMThread "VM Thread" [stack: 0x00000020f8b00000,0x00000020f8c00000] [id=12112]
  0x000001d98fe21800 WatcherThread [stack: 0x00000020f9800000,0x00000020f9900000] [id=14116]
  0x000001d9ef46b800 GCTaskThread "GC Thread#0" [stack: 0x00000020f8400000,0x00000020f8500000] [id=7552]
  0x000001d9ef46d800 GCTaskThread "GC Thread#1" [stack: 0x00000020f8500000,0x00000020f8600000] [id=7792]
  0x000001d9ef4aa800 ConcurrentGCThread "G1 Main Marker" [stack: 0x00000020f8900000,0x00000020f8a00000] [id=9756]
  0x000001d9ef4ab800 ConcurrentGCThread "G1 Marker#0" [stack: 0x00000020f8a00000,0x00000020f8b00000] [id=9020]
  0x000001d9ef472000 ConcurrentGCThread "G1 Refine#0" [stack: 0x00000020f8700000,0x00000020f8800000] [id=7760]
  0x000001d9ef470000 ConcurrentGCThread "G1 Refine#1" [stack: 0x00000020f8600000,0x00000020f8700000] [id=13404]
  0x000001d9ef473800 ConcurrentGCThread "G1 Young RemSet Sampling" [stack: 0x00000020f8800000,0x00000020f8900000] [id=9604]

Threads with active compile tasks:

VM state:at safepoint (normal execution)

VM Mutex/Monitor currently owned by a thread:  ([mutex/lock_event])
[0x000001d9ef452740] Threads_lock - owner thread: 0x000001d98fa6d000

Heap address: 0x00000000c2400000, size: 988 MB, Compressed Oops mode: 32-bit
Narrow klass base: 0x0000000000000000, Narrow klass shift: 3
Compressed class space size: 1073741824 Address: 0x0000000100000000

Heap:
 garbage-first heap   total 63488K, used 3788K [0x00000000c2400000, 0x00000000c25001f0, 0x0000000100000000)
  region size 1024K, 3 young (3072K), 1 survivors (1024K)
 Metaspace       used 10197K, capacity 10898K, committed 11136K, reserved 1058816K
  class space    used 1038K, capacity 1150K, committed 1152K, reserved 1048576K
Heap Regions: E=young(eden), S=young(survivor), O=old, HS=humongous(starts), HC=humongous(continues), CS=collection set, F=free, A=archive, TS=gc time stamp, AC=allocation context, TAMS=top-at-mark-start (previous, next)
|   0|0x00000000c2400000, 0x00000000c2500000, 0x00000000c2500000|100%| O|  |TS  1|AC  0|TAMS 0x00000000c2400000, 0x00000000c2400000|
|   1|0x00000000c2500000, 0x00000000c2600000, 0x00000000c2600000|100%| O|  |TS  3|AC  0|TAMS 0x00000000c2500000, 0x00000000c2500000|
|   2|0x00000000c2600000, 0x00000000c2622c00, 0x00000000c2700000| 13%| O|  |TS  3|AC  0|TAMS 0x00000000c2600000, 0x00000000c2600000|
|   3|0x00000000c2700000, 0x00000000c2700000, 0x00000000c2800000|  0%| F|  |TS  0|AC  0|TAMS 0x00000000c2700000, 0x00000000c2700000|
|   4|0x00000000c2800000, 0x00000000c2800000, 0x00000000c2900000|  0%| F|  |TS  0|AC  0|TAMS 0x00000000c2800000, 0x00000000c2800000|
|   5|0x00000000c2900000, 0x00000000c2900000, 0x00000000c2a00000|  0%| F|  |TS  0|AC  0|TAMS 0x00000000c2900000, 0x00000000c2900000|
|   6|0x00000000c2a00000, 0x00000000c2a00000, 0x00000000c2b00000|  0%| F|  |TS  0|AC  0|TAMS 0x00000000c2a00000, 0x00000000c2a00000|
|   7|0x00000000c2b00000, 0x00000000c2b00000, 0x00000000c2c00000|  0%| F|  |TS  0|AC  0|TAMS 0x00000000c2b00000, 0x00000000c2b00000|
|   8|0x00000000c2c00000, 0x00000000c2c00000, 0x00000000c2d00000|  0%| F|  |TS  0|AC  0|TAMS 0x00000000c2c00000, 0x00000000c2c00000|
|   9|0x00000000c2d00000, 0x00000000c2d00000, 0x00000000c2e00000|  0%| F|  |TS  0|AC  0|TAMS 0x00000000c2d00000, 0x00000000c2d00000|
|  10|0x00000000c2e00000, 0x00000000c2e00000, 0x00000000c2f00000|  0%| F|  |TS  0|AC  0|TAMS 0x00000000c2e00000, 0x00000000c2e00000|
|  11|0x00000000c2f00000, 0x00000000c2f00000, 0x00000000c3000000|  0%| F|  |TS  0|AC  0|TAMS 0x00000000c2f00000, 0x00000000c2f00000|
|  12|0x00000000c3000000, 0x00000000c3000000, 0x00000000c3100000|  0%| F|  |TS  0|AC  0|TAMS 0x00000000c3000000, 0x00000000c3000000|
|  13|0x00000000c3100000, 0x00000000c3100000, 0x00000000c3200000|  0%| F|  |TS  0|AC  0|TAMS 0x00000000c3100000, 0x00000000c3100000|
|  14|0x00000000c3200000, 0x00000000c3200000, 0x00000000c3300000|  0%| F|  |TS  0|AC  0|TAMS 0x00000000c3200000, 0x00000000c3200000|
|  15|0x00000000c3300000, 0x00000000c3300000, 0x00000000c3400000|  0%| F|  |TS  0|AC  0|TAMS 0x00000000c3300000, 0x00000000c3300000|
|  16|0x00000000c3400000, 0x00000000c3400000, 0x00000000c3500000|  0%| F|  |TS  0|AC  0|TAMS 0x00000000c3400000, 0x00000000c3400000|
|  17|0x00000000c3500000, 0x00000000c3500000, 0x00000000c3600000|  0%| F|  |TS  0|AC  0|TAMS 0x00000000c3500000, 0x00000000c3500000|
|  18|0x00000000c3600000, 0x00000000c3600000, 0x00000000c3700000|  0%| F|  |TS  0|AC  0|TAMS 0x00000000c3600000, 0x00000000c3600000|
|  19|0x00000000c3700000, 0x00000000c3700000, 0x00000000c3800000|  0%| F|  |TS  0|AC  0|TAMS 0x00000000c3700000, 0x00000000c3700000|
|  20|0x00000000c3800000, 0x00000000c3800000, 0x00000000c3900000|  0%| F|  |TS  0|AC  0|TAMS 0x00000000c3800000, 0x00000000c3800000|
|  21|0x00000000c3900000, 0x00000000c3900000, 0x00000000c3a00000|  0%| F|  |TS  0|AC  0|TAMS 0x00000000c3900000, 0x00000000c3900000|
|  22|0x00000000c3a00000, 0x00000000c3a00000, 0x00000000c3b00000|  0%| F|  |TS  0|AC  0|TAMS 0x00000000c3a00000, 0x00000000c3a00000|
|  23|0x00000000c3b00000, 0x00000000c3b00000, 0x00000000c3c00000|  0%| F|  |TS  0|AC  0|TAMS 0x00000000c3b00000, 0x00000000c3b00000|
|  24|0x00000000c3c00000, 0x00000000c3c00000, 0x00000000c3d00000|  0%| F|  |TS  0|AC  0|TAMS 0x00000000c3c00000, 0x00000000c3c00000|
|  25|0x00000000c3d00000, 0x00000000c3d00000, 0x00000000c3e00000|  0%| F|  |TS  0|AC  0|TAMS 0x00000000c3d00000, 0x00000000c3d00000|
|  26|0x00000000c3e00000, 0x00000000c3e00000, 0x00000000c3f00000|  0%| F|  |TS  0|AC  0|TAMS 0x00000000c3e00000, 0x00000000c3e00000|
|  27|0x00000000c3f00000, 0x00000000c3f00000, 0x00000000c4000000|  0%| F|  |TS  0|AC  0|TAMS 0x00000000c3f00000, 0x00000000c3f00000|
|  28|0x00000000c4000000, 0x00000000c4000000, 0x00000000c4100000|  0%| F|  |TS  0|AC  0|TAMS 0x00000000c4000000, 0x00000000c4000000|
|  29|0x00000000c4100000, 0x00000000c4100000, 0x00000000c4200000|  0%| F|  |TS  0|AC  0|TAMS 0x00000000c4100000, 0x00000000c4100000|
|  30|0x00000000c4200000, 0x00000000c4200000, 0x00000000c4300000|  0%| F|  |TS  0|AC  0|TAMS 0x00000000c4200000, 0x00000000c4200000|
|  31|0x00000000c4300000, 0x00000000c4300000, 0x00000000c4400000|  0%| F|  |TS  0|AC  0|TAMS 0x00000000c4300000, 0x00000000c4300000|
|  32|0x00000000c4400000, 0x00000000c4400000, 0x00000000c4500000|  0%| F|  |TS  0|AC  0|TAMS 0x00000000c4400000, 0x00000000c4400000|
|  33|0x00000000c4500000, 0x00000000c4500000, 0x00000000c4600000|  0%| F|  |TS  0|AC  0|TAMS 0x00000000c4500000, 0x00000000c4500000|
|  34|0x00000000c4600000, 0x00000000c4600000, 0x00000000c4700000|  0%| F|  |TS  0|AC  0|TAMS 0x00000000c4600000, 0x00000000c4600000|
|  35|0x00000000c4700000, 0x00000000c4700000, 0x00000000c4800000|  0%| F|  |TS  0|AC  0|TAMS 0x00000000c4700000, 0x00000000c4700000|
|  36|0x00000000c4800000, 0x00000000c4800000, 0x00000000c4900000|  0%| F|  |TS  0|AC  0|TAMS 0x00000000c4800000, 0x00000000c4800000|
|  37|0x00000000c4900000, 0x00000000c4900000, 0x00000000c4a00000|  0%| F|  |TS  0|AC  0|TAMS 0x00000000c4900000, 0x00000000c4900000|
|  38|0x00000000c4a00000, 0x00000000c4a00000, 0x00000000c4b00000|  0%| F|  |TS  0|AC  0|TAMS 0x00000000c4a00000, 0x00000000c4a00000|
|  39|0x00000000c4b00000, 0x00000000c4b00000, 0x00000000c4c00000|  0%| F|  |TS  0|AC  0|TAMS 0x00000000c4b00000, 0x00000000c4b00000|
|  40|0x00000000c4c00000, 0x00000000c4c00000, 0x00000000c4d00000|  0%| F|  |TS  0|AC  0|TAMS 0x00000000c4c00000, 0x00000000c4c00000|
|  41|0x00000000c4d00000, 0x00000000c4d00000, 0x00000000c4e00000|  0%| F|  |TS  0|AC  0|TAMS 0x00000000c4d00000, 0x00000000c4d00000|
|  42|0x00000000c4e00000, 0x00000000c4e00000, 0x00000000c4f00000|  0%| F|  |TS  0|AC  0|TAMS 0x00000000c4e00000, 0x00000000c4e00000|
|  43|0x00000000c4f00000, 0x00000000c4f00000, 0x00000000c5000000|  0%| F|  |TS  0|AC  0|TAMS 0x00000000c4f00000, 0x00000000c4f00000|
|  44|0x00000000c5000000, 0x00000000c5000000, 0x00000000c5100000|  0%| F|  |TS  0|AC  0|TAMS 0x00000000c5000000, 0x00000000c5000000|
|  45|0x00000000c5100000, 0x00000000c5100000, 0x00000000c5200000|  0%| F|  |TS  0|AC  0|TAMS 0x00000000c5100000, 0x00000000c5100000|
|  46|0x00000000c5200000, 0x00000000c5200000, 0x00000000c5300000|  0%| F|  |TS  0|AC  0|TAMS 0x00000000c5200000, 0x00000000c5200000|
|  47|0x00000000c5300000, 0x00000000c5300000, 0x00000000c5400000|  0%| F|  |TS  0|AC  0|TAMS 0x00000000c5300000, 0x00000000c5300000|
|  48|0x00000000c5400000, 0x00000000c5400000, 0x00000000c5500000|  0%| F|  |TS  0|AC  0|TAMS 0x00000000c5400000, 0x00000000c5400000|
|  49|0x00000000c5500000, 0x00000000c5500000, 0x00000000c5600000|  0%| F|  |TS  0|AC  0|TAMS 0x00000000c5500000, 0x00000000c5500000|
|  50|0x00000000c5600000, 0x00000000c5600000, 0x00000000c5700000|  0%| F|  |TS  0|AC  0|TAMS 0x00000000c5600000, 0x00000000c5600000|
|  51|0x00000000c5700000, 0x00000000c5700000, 0x00000000c5800000|  0%| F|  |TS  0|AC  0|TAMS 0x00000000c5700000, 0x00000000c5700000|
|  52|0x00000000c5800000, 0x00000000c5800000, 0x00000000c5900000|  0%| F|  |TS  0|AC  0|TAMS 0x00000000c5800000, 0x00000000c5800000|
|  53|0x00000000c5900000, 0x00000000c5900000, 0x00000000c5a00000|  0%| F|  |TS  0|AC  0|TAMS 0x00000000c5900000, 0x00000000c5900000|
|  54|0x00000000c5a00000, 0x00000000c5a00000, 0x00000000c5b00000|  0%| F|  |TS  3|AC  0|TAMS 0x00000000c5a00000, 0x00000000c5a00000|
|  55|0x00000000c5b00000, 0x00000000c5b00000, 0x00000000c5c00000|  0%| F|  |TS  1|AC  0|TAMS 0x00000000c5b00000, 0x00000000c5b00000|
|  56|0x00000000c5c00000, 0x00000000c5c00000, 0x00000000c5d00000|  0%| F|  |TS  1|AC  0|TAMS 0x00000000c5c00000, 0x00000000c5c00000|
|  57|0x00000000c5d00000, 0x00000000c5d00000, 0x00000000c5e00000|  0%| F|  |TS  1|AC  0|TAMS 0x00000000c5d00000, 0x00000000c5d00000|
|  58|0x00000000c5e00000, 0x00000000c5e90420, 0x00000000c5f00000| 56%| S|CS|TS  3|AC  0|TAMS 0x00000000c5e00000, 0x00000000c5e00000|
|  59|0x00000000c5f00000, 0x00000000c5f00000, 0x00000000c6000000|  0%| F|  |TS  3|AC  0|TAMS 0x00000000c5f00000, 0x00000000c5f00000|
|  60|0x00000000c6000000, 0x00000000c60af430, 0x00000000c6100000| 68%| E|  |TS  3|AC  0|TAMS 0x00000000c6000000, 0x00000000c6000000|
|  61|0x00000000c6100000, 0x00000000c6200000, 0x00000000c6200000|100%| E|CS|TS  3|AC  0|TAMS 0x00000000c6100000, 0x00000000c6100000|

Card table byte_map: [0x000001d9fbbb0000,0x000001d9fbda0000] byte_map_base: 0x000001d9fb59e000

Marking Bits (Prev, Next): (CMBitMap*) 0x000001d9ef4a9b60, (CMBitMap*) 0x000001d9ef4a9b98
 Prev Bits: [0x000001d9fbf90000, 0x000001d9fcf00000)
 Next Bits: [0x000001d9fcf00000, 0x000001d9fde70000)

Polling page: 0x000001d9ef370000

CodeHeap 'non-profiled nmethods': size=120064Kb used=330Kb max_used=330Kb free=119734Kb
 bounds [0x000001d987ac0000, 0x000001d987d30000, 0x000001d98f000000]
CodeHeap 'profiled nmethods': size=120000Kb used=1931Kb max_used=1931Kb free=118068Kb
 bounds [0x000001d980590000, 0x000001d980800000, 0x000001d987ac0000]
CodeHeap 'non-nmethods': size=5696Kb used=1201Kb max_used=1217Kb free=4494Kb
 bounds [0x000001d980000000, 0x000001d980270000, 0x000001d980590000]
 total_blobs=1510 nmethods=983 adapters=264
 compilation: enabled

Compilation events (10 events):
Event: 5.861 Thread 0x000001d98fad7000  979       3       java.util.zip.ZipUtils::CENOFF (9 bytes)
Event: 5.862 Thread 0x000001d98fad7000 nmethod 979 0x000001d980770b90 code [0x000001d980770d60, 0x000001d980771078]
Event: 5.862 Thread 0x000001d98fad7000  980       3       java.util.zip.ZipFile$Source::access$1200 (10 bytes)
Event: 5.862 Thread 0x000001d98fad7000 nmethod 980 0x000001d980771210 code [0x000001d9807713c0, 0x000001d980771570]
Event: 5.864 Thread 0x000001d98fad7000  981       3       java.io.FilterInputStream::<init> (10 bytes)
Event: 5.865 Thread 0x000001d98fad7000 nmethod 981 0x000001d980771690 code [0x000001d980771840, 0x000001d980771ad8]
Event: 5.866 Thread 0x000001d98fad0800  982       4       java.lang.AbstractStringBuilder::<init> (39 bytes)
Event: 5.870 Thread 0x000001d98fad0800 nmethod 982 0x000001d987b12390 code [0x000001d987b12520, 0x000001d987b12738]
Event: 5.884 Thread 0x000001d98fad7000  983       3       java.lang.invoke.DirectMethodHandle::shouldBeInitialized (123 bytes)
Event: 5.885 Thread 0x000001d98fad7000 nmethod 983 0x000001d980771c10 code [0x000001d980771ea0, 0x000001d980772a20]

GC Heap History (4 events):
Event: 4.225 GC heap before
{Heap before GC invocations=0 (full 0):
 garbage-first heap   total 63488K, used 7168K [0x00000000c2400000, 0x00000000c25001f0, 0x0000000100000000)
  region size 1024K, 7 young (7168K), 0 survivors (0K)
 Metaspace       used 9002K, capacity 9398K, committed 9728K, reserved 1058816K
  class space    used 873K, capacity 970K, committed 1024K, reserved 1048576K
}
Event: 4.242 GC heap after
{Heap after GC invocations=1 (full 0):
 garbage-first heap   total 63488K, used 2203K [0x00000000c2400000, 0x00000000c25001f0, 0x0000000100000000)
  region size 1024K, 1 young (1024K), 1 survivors (1024K)
 Metaspace       used 9002K, capacity 9398K, committed 9728K, reserved 1058816K
  class space    used 873K, capacity 970K, committed 1024K, reserved 1048576K
}
Event: 5.476 GC heap before
{Heap before GC invocations=1 (full 0):
 garbage-first heap   total 63488K, used 5275K [0x00000000c2400000, 0x00000000c25001f0, 0x0000000100000000)
  region size 1024K, 4 young (4096K), 1 survivors (1024K)
 Metaspace       used 9684K, capacity 10254K, committed 10368K, reserved 1058816K
  class space    used 971K, capacity 1072K, committed 1152K, reserved 1048576K
}
Event: 5.487 GC heap after
{Heap after GC invocations=2 (full 0):
 garbage-first heap   total 63488K, used 2764K [0x00000000c2400000, 0x00000000c25001f0, 0x0000000100000000)
  region size 1024K, 1 young (1024K), 1 survivors (1024K)
 Metaspace       used 9684K, capacity 10254K, committed 10368K, reserved 1058816K
  class space    used 971K, capacity 1072K, committed 1152K, reserved 1048576K
}

Deoptimization events (7 events):
Event: 0.588 Thread 0x000001d9ef453000 Uncommon trap: reason=range_check action=reinterpret pc=0x000001d987ac3f10 method=java.lang.StringLatin1.indexOf([BII)I @ 13 c2
Event: 1.350 Thread 0x000001d9ef453000 Uncommon trap: reason=unstable_if action=reinterpret pc=0x000001d987ac357c method=java.lang.String.charAt(I)C @ 4 c2
Event: 4.249 Thread 0x000001d9ef453000 Uncommon trap: reason=unstable_if action=reinterpret pc=0x000001d987af9c70 method=java.util.HashMap.getNode(ILjava/lang/Object;)Ljava/util/HashMap$Node; @ 129 c2
Event: 4.270 Thread 0x000001d9ef453000 Uncommon trap: reason=class_check action=maybe_recompile pc=0x000001d987af9104 method=java.util.HashMap.putVal(ILjava/lang/Object;Ljava/lang/Object;ZZ)Ljava/lang/Object; @ 91 c2
Event: 4.357 Thread 0x000001d9ef453000 Uncommon trap: reason=class_check action=maybe_recompile pc=0x000001d987af9104 method=java.util.HashMap.putVal(ILjava/lang/Object;Ljava/lang/Object;ZZ)Ljava/lang/Object; @ 91 c2
Event: 4.357 Thread 0x000001d9ef453000 Uncommon trap: reason=class_check action=maybe_recompile pc=0x000001d987af9104 method=java.util.HashMap.putVal(ILjava/lang/Object;Ljava/lang/Object;ZZ)Ljava/lang/Object; @ 91 c2
Event: 4.358 Thread 0x000001d9ef453000 Uncommon trap: reason=class_check action=maybe_recompile pc=0x000001d987af9104 method=java.util.HashMap.putVal(ILjava/lang/Object;Ljava/lang/Object;ZZ)Ljava/lang/Object; @ 91 c2

Classes redefined (10 events):
Event: 1605.692 Thread 0x000001d98fa6d000 redefined class name=parser.parsing.SAX.JsonParserSax, count=2
Event: 1710.963 Thread 0x000001d98fa6d000 redefined class name=parser.parsing.SAX.JsonParserSax, count=3
Event: 2268.932 Thread 0x000001d98fa6d000 redefined class name=parser.parsing.SAX.JsonParserSax, count=4
Event: 2856.370 Thread 0x000001d98fa6d000 redefined class name=parser.parsing.SAX.JsonParserSax, count=5
Event: 2967.777 Thread 0x000001d98fa6d000 redefined class name=parser.parsing.SAX.JsonParserSax, count=6
Event: 3094.843 Thread 0x000001d98fa6d000 redefined class name=parser.parsing.SAX.JsonParserSax, count=7
Event: 3251.849 Thread 0x000001d98fa6d000 redefined class name=parser.parsing.SAX.JsonParserSax, count=8
Event: 3801.224 Thread 0x000001d98fa6d000 redefined class name=parser.parsing.SAX.JsonParserSax, count=9
Event: 3907.218 Thread 0x000001d98fa6d000 redefined class name=parser.parsing.SAX.JsonParserSax, count=10
Event: 4149.528 Thread 0x000001d98fa6d000 redefined class name=parser.parsing.SAX.JsonParserSax, count=11

Internal exceptions (10 events):
Event: 4.389 Thread 0x000001d9ef453000 Exception <a 'java/lang/IncompatibleClassChangeError'{0x00000000c6189810}: Found class java.lang.Object, but interface was expected> (0x00000000c6189810) thrown at [t:/workspace/hotspot/src/share/vm/interpreter/linkResolver.cpp, line 793]
Event: 4.395 Thread 0x000001d9ef453000 Exception <a 'java/lang/NoSuchMethodError'{0x00000000c618f980}: java.lang.Object.lambda$accept$0(Lorg/junit/platform/engine/TestDescriptor$Visitor;Lorg/junit/platform/engine/TestDescriptor;)V> (0x00000000c618f980) thrown at [t:/workspace/hotspot/src/share
Event: 4.404 Thread 0x000001d9ef453000 Exception <a 'java/lang/NoSuchMethodError'{0x00000000c6197ee0}: java.lang.Object.containsTests(Lorg/junit/platform/engine/TestDescriptor;)Z> (0x00000000c6197ee0) thrown at [t:/workspace/hotspot/src/share/vm/interpreter/linkResolver.cpp, line 731]
Event: 4.753 Thread 0x000001d9ef453000 Exception <a 'java/lang/NoSuchMethodError'{0x00000000c6043ff0}: java.lang.Object.lambda$adaptFilter$0(Lorg/junit/platform/engine/Filter;Ljava/util/function/Function;Ljava/lang/Object;)Lorg/junit/platform/engine/FilterResult;> (0x00000000c6043ff0) thrown a
Event: 4.768 Thread 0x000001d9ef453000 Exception <a 'java/lang/NoSuchMethodError'{0x00000000c604d610}: java.lang.invoke.DirectMethodHandle$Holder.invokeSpecial(Ljava/lang/Object;Ljava/lang/Object;Ljava/lang/Object;Ljava/lang/Object;)V> (0x00000000c604d610) thrown at [t:/workspace/hotspot/src/s
Event: 4.772 Thread 0x000001d9ef453000 Exception <a 'java/lang/NoSuchMethodError'{0x00000000c6053db8}: java.lang.Object.lambda$toPredicate$1(Ljava/lang/Object;)Z> (0x00000000c6053db8) thrown at [t:/workspace/hotspot/src/share/vm/interpreter/linkResolver.cpp, line 731]
Event: 4.775 Thread 0x000001d9ef453000 Exception <a 'java/lang/NoSuchMethodError'{0x00000000c6056760}: java.lang.Object.lambda$and$0(Ljava/util/function/Predicate;Ljava/lang/Object;)Z> (0x00000000c6056760) thrown at [t:/workspace/hotspot/src/share/vm/interpreter/linkResolver.cpp, line 731]
Event: 4.911 Thread 0x000001d9ef453000 Exception <a 'java/lang/NoSuchMethodError'{0x00000000c60f61b8}: java.lang.invoke.DirectMethodHandle$Holder.invokeInterface(Ljava/lang/Object;Ljava/lang/Object;Ljava/lang/Object;)V> (0x00000000c60f61b8) thrown at [t:/workspace/hotspot/src/share/vm/interpre
Event: 5.564 Thread 0x000001d9ef453000 Exception <a 'java/lang/NoSuchMethodError'{0x00000000c615c6d8}: method resolution failed> (0x00000000c615c6d8) thrown at [t:/workspace/hotspot/src/share/vm/prims/methodHandles.cpp, line 1256]
Event: 5.647 Thread 0x000001d9ef453000 Exception <a 'java/lang/NoSuchMethodError'{0x00000000c61b2cd8}: java.lang.Object.lambda$andThen$1(Ljava/util/function/Function;Ljava/lang/Object;)Ljava/lang/Object;> (0x00000000c61b2cd8) thrown at [t:/workspace/hotspot/src/share/vm/interpreter/linkResolve

Events (10 events):
Event: 4149.532 Executing VM operation: RedefineClasses done
Event: 4149.546 Executing VM operation: GetFrameCount
Event: 4149.546 Executing VM operation: GetFrameCount done
Event: 4149.547 Executing VM operation: GetFrameCount
Event: 4149.547 Executing VM operation: GetFrameCount done
Event: 4149.547 Executing VM operation: GetFrameLocation
Event: 4149.547 Executing VM operation: GetFrameLocation done
Event: 4149.550 Executing VM operation: GetFrameLocation
Event: 4149.551 Executing VM operation: GetFrameLocation done
Event: 4149.551 Executing VM operation: GetOrSetLocal


Dynamic libraries:
0x00007ff7218a0000 - 0x00007ff7218de000 	C:\Program Files\Java\jdk-9.0.1\bin\java.exe
0x00007ffcff100000 - 0x00007ffcff2e1000 	C:\WINDOWS\SYSTEM32\ntdll.dll
0x00007ffcfc730000 - 0x00007ffcfc7e2000 	C:\WINDOWS\System32\KERNEL32.DLL
0x00007ffcfb5a0000 - 0x00007ffcfb813000 	C:\WINDOWS\System32\KERNELBASE.dll
0x00007ffcfee90000 - 0x00007ffcfef31000 	C:\WINDOWS\System32\ADVAPI32.dll
0x00007ffcfece0000 - 0x00007ffcfed7e000 	C:\WINDOWS\System32\msvcrt.dll
0x00007ffcfe720000 - 0x00007ffcfe77b000 	C:\WINDOWS\System32\sechost.dll
0x00007ffcfcd00000 - 0x00007ffcfce24000 	C:\WINDOWS\System32\RPCRT4.dll
0x00007ffcfe790000 - 0x00007ffcfe920000 	C:\WINDOWS\System32\USER32.dll
0x00007ffcfb4d0000 - 0x00007ffcfb4f0000 	C:\WINDOWS\System32\win32u.dll
0x00007ffcfef40000 - 0x00007ffcfef68000 	C:\WINDOWS\System32\GDI32.dll
0x00007ffcfc0b0000 - 0x00007ffcfc242000 	C:\WINDOWS\System32\gdi32full.dll
0x00007ffcfc250000 - 0x00007ffcfc2ef000 	C:\WINDOWS\System32\msvcp_win.dll
0x00007ffcfbfb0000 - 0x00007ffcfc0aa000 	C:\WINDOWS\System32\ucrtbase.dll
0x00007ffcec180000 - 0x00007ffcec3e9000 	C:\WINDOWS\WinSxS\amd64_microsoft.windows.common-controls_6595b64144ccf1df_6.0.17134.472_none_fb3f9af53068156d\COMCTL32.dll
0x00007ffcfe9b0000 - 0x00007ffcfecd2000 	C:\WINDOWS\System32\combase.dll
0x00007ffcfbf30000 - 0x00007ffcfbfaa000 	C:\WINDOWS\System32\bcryptPrimitives.dll
0x00007ffcea300000 - 0x00007ffcea30a000 	C:\WINDOWS\SYSTEM32\VERSION.dll
0x00007ffcfcc40000 - 0x00007ffcfcc6d000 	C:\WINDOWS\System32\IMM32.DLL
0x00007ffcc5810000 - 0x00007ffcc58ff000 	C:\Program Files\Java\jdk-9.0.1\bin\msvcr120.dll
0x00007ffcc5520000 - 0x00007ffcc55c6000 	C:\Program Files\Java\jdk-9.0.1\bin\msvcp120.dll
0x00000000538b0000 - 0x00000000542d4000 	C:\Program Files\Java\jdk-9.0.1\bin\server\jvm.dll
0x00007ffcfe780000 - 0x00007ffcfe788000 	C:\WINDOWS\System32\PSAPI.DLL
0x00007ffcfa040000 - 0x00007ffcfa049000 	C:\WINDOWS\SYSTEM32\WSOCK32.dll
0x00007ffcfee20000 - 0x00007ffcfee8c000 	C:\WINDOWS\System32\WS2_32.dll
0x00007ffcf93d0000 - 0x00007ffcf93f3000 	C:\WINDOWS\SYSTEM32\WINMM.dll
0x00007ffcf93a0000 - 0x00007ffcf93ca000 	C:\WINDOWS\SYSTEM32\WINMMBASE.dll
0x00007ffcfc540000 - 0x00007ffcfc589000 	C:\WINDOWS\System32\cfgmgr32.dll
0x00007ffcf7100000 - 0x00007ffcf710f000 	C:\Program Files\Java\jdk-9.0.1\bin\verify.dll
0x00007ffcf7070000 - 0x00007ffcf7097000 	C:\Program Files\Java\jdk-9.0.1\bin\java.dll
0x00007ffcc5370000 - 0x00007ffcc53a6000 	C:\Program Files\Java\jdk-9.0.1\bin\jdwp.dll
0x00007ffcf7050000 - 0x00007ffcf7066000 	C:\Program Files\Java\jdk-9.0.1\bin\zip.dll
0x00007ffcf70e0000 - 0x00007ffcf70ea000 	C:\Program Files\Java\jdk-9.0.1\bin\jimage.dll
0x00007ffcfd210000 - 0x00007ffcfe650000 	C:\WINDOWS\System32\SHELL32.dll
0x00007ffcfce30000 - 0x00007ffcfced9000 	C:\WINDOWS\System32\shcore.dll
0x00007ffcfb820000 - 0x00007ffcfbf2d000 	C:\WINDOWS\System32\windows.storage.dll
0x00007ffcfcee0000 - 0x00007ffcfcf31000 	C:\WINDOWS\System32\shlwapi.dll
0x00007ffcfb490000 - 0x00007ffcfb4a1000 	C:\WINDOWS\System32\kernel.appcore.dll
0x00007ffcfb4b0000 - 0x00007ffcfb4cf000 	C:\WINDOWS\System32\profapi.dll
0x00007ffcfb410000 - 0x00007ffcfb45c000 	C:\WINDOWS\System32\powrprof.dll
0x00007ffcfb460000 - 0x00007ffcfb46a000 	C:\WINDOWS\System32\FLTLIB.DLL
0x00007ffcf3d90000 - 0x00007ffcf3daa000 	C:\Program Files\Java\jdk-9.0.1\bin\net.dll
0x00007ffced620000 - 0x00007ffced6fd000 	C:\WINDOWS\SYSTEM32\WINHTTP.dll
0x00007ffcfac30000 - 0x00007ffcfac96000 	C:\WINDOWS\system32\mswsock.dll
0x00007ffcee000000 - 0x00007ffcee011000 	C:\Program Files\Java\jdk-9.0.1\bin\nio.dll
0x00007ffcd06e0000 - 0x00007ffcd06ea000 	C:\Program Files\Java\jdk-9.0.1\bin\dt_socket.dll
0x00007ffcf9e50000 - 0x00007ffcfa019000 	C:\WINDOWS\SYSTEM32\dbghelp.dll

VM Arguments:
jvm_args: -agentlib:jdwp=transport=dt_socket,address=127.0.0.1:3661,suspend=y,server=n -ea -Didea.test.cyclic.buffer.size=1048576 -Dfile.encoding=UTF-8 
java_command: com.intellij.rt.execution.junit.JUnitStarter -ideVersion5 -junit5 parser.parsing.SAX.ParserSAXTest,fromJsonObjectUser
java_class_path (initial): C:\Program Files\JetBrains\IntelliJ IDEA Community Edition 2017.2.6\lib\idea_rt.jar;C:\Program Files\JetBrains\IntelliJ IDEA Community Edition 2017.2.6\plugins\junit\lib\junit-rt.jar;C:\Program Files\JetBrains\IntelliJ IDEA Community Edition 2017.2.6\plugins\junit\lib\junit5-rt.jar;C:\netcracker\jsonparser\target\test-classes;C:\netcracker\jsonparser\target\classes;C:\Users\User\.m2\repository\junit\junit\4.12\junit-4.12.jar;C:\Users\User\.m2\repository\org\hamcrest\hamcrest-core\1.3\hamcrest-core-1.3.jar;C:\Users\User\.m2\repository\org\junit\jupiter\junit-jupiter-api\5.3.0-RC1\junit-jupiter-api-5.3.0-RC1.jar;C:\Users\User\.m2\repository\org\apiguardian\apiguardian-api\1.0.0\apiguardian-api-1.0.0.jar;C:\Users\User\.m2\repository\org\opentest4j\opentest4j\1.1.0\opentest4j-1.1.0.jar;C:\Users\User\.m2\repository\org\junit\platform\junit-platform-commons\1.3.0-RC1\junit-platform-commons-1.3.0-RC1.jar;C:\Program Files\JetBrains\IntelliJ IDEA Community Edition 2017.2.6\plugins\junit\lib\junit-jupiter-engine-5.0.0.jar;C:\Program Files\JetBrains\IntelliJ IDEA Community Edition 2017.2.6\plugins\junit\lib\junit-platform-engine-1.0.0.jar;C:\Program Files\JetBrains\IntelliJ IDEA Community Edition 2017.2.6\plugins\junit\lib\junit-platform-launcher-1.0.0.jar;C:\Program Files\JetBrains\IntelliJ IDEA Community Edition 2017.2.6\plugins\junit\lib\junit-vintage-engine-4.12.0.jar
Launcher Type: SUN_STANDARD

Logging:
Log output configuration:
#0: stdout all=warning uptime,level,tags
#1: stderr all=off uptime,level,tags

Environment Variables:
JAVA_HOME=C:\Program Files\Java\jdk-9.0.1
JRE_HOME=C:\Program Files\Java\jre-9.0.1
PATH=C:\watcom-1.3\binnt;C:\watcom-1.3\binw;C:\oracle\product\12.2.0\dbhome_1\bin;C:\oraclebase12c\product\12.2.0\dbhome_1\bin;C:\ProgramData\Oracle\Java\javapath;C:\Program Files (x86)\Borland\Delphi7\Projects\Bpl;C:\Program Files (x86)\Borland\Delphi7\Bin;C:\Program Files (x86)\Borland\Delphi7\Projects\Bpl\;C:\Program Files (x86)\Intel\TXE Components\TCS\;C:\Program Files\Intel\TXE Components\TCS\;C:\WINDOWS\system32;C:\WINDOWS;C:\WINDOWS\System32\Wbem;C:\WINDOWS\System32\WindowsPowerShell\v1.0\;C:\Program Files\Intel\TXE Components\DAL\;C:\Program Files (x86)\Intel\TXE Components\DAL\;C:\Program Files\Intel\TXE Components\IPT\;C:\Program Files (x86)\Intel\TXE Components\IPT\;C:\Program Files (x86)\Delphi 10 Lite\bin;C:\WINDOWS\system32\config\systemprofile\.dnx\bin;C:\Program Files\Microsoft DNX\Dnvm\;C:\Program Files (x86)\Microsoft SDKs\TypeScript\1.0\;C:\WINDOWS\System32\OpenSSH\;C:\Program Files\Git\cmd;C:\Program Files\Microsoft SQL Server\Client SDK\ODBC\130\Tools\Binn\;C:\Program Files (x86)\Microsoft SQL Server\140\Tools\Binn\;C:\Program Files\Microsoft SQL Server\140\Tools\Binn\;C:\Program Files\Microsoft SQL Server\140\DTS\Binn\;C:\Program Files\Microsoft SQL Server\130\Tools\Binn\;C:\Program Files (x86)\Microsoft SQL Server\150\DTS\Binn\;C:\Program Files\dotnet\;C:\Ruby25-x64\bin;C:\Program Files\Ruby25-x64\bin;C:\Users\User\AppData\Local\Programs\Python\Python37-32\Scripts\;C:\Users\User\AppData\Local\Programs\Python\Python37-32\;C:\Users\User\Documents\Borland Studio Projects\Bpl;C:\Users\User\AppData\Local\Microsoft\WindowsApps;C:\ProgsForJava\mav\maven\bin;C:\Program Files\Java\jdk-9.0.1\bin;C:\Program Files\Java\jdk-9.0.1\lib;C:\Program Files (x86)\Graphviz2.38\bin;
USERNAME=User
OS=Windows_NT
PROCESSOR_IDENTIFIER=Intel64 Family 6 Model 76 Stepping 3, GenuineIntel



---------------  S Y S T E M  ---------------

OS: Windows 10 , 64 bit Build 17134 (10.0.17134.1)

CPU:total 2 (initial active 2) (2 cores per cpu, 1 threads per core) family 6 model 76 stepping 3, cmov, cx8, fxsr, mmx, sse, sse2, sse3, ssse3, sse4.1, sse4.2, popcnt, aes, clmul, erms, 3dnowpref, tsc, tscinvbit

Memory: 4k page, physical 4042116k(706876k free), swap 9787520k(2110312k free)

vm_info: Java HotSpot(TM) 64-Bit Server VM (9.0.1+11) for windows-amd64 JRE (9.0.1+11), built on Sep 28 2017 04:54:03 by "mach5one" with MS VC++ 12.0 (VS2013)

END.
